{"/workspace/src/connectors/base/BaseConnector.ts": {"path":"/workspace/src/connectors/base/BaseConnector.ts","statementMap":{"0":{"start":{"line":1,"column":0},"end":{"line":1,"column":67}},"1":{"start":{"line":5,"column":0},"end":{"line":5,"column":53}},"2":{"start":{"line":6,"column":0},"end":{"line":6,"column":57}},"3":{"start":{"line":7,"column":0},"end":{"line":7,"column":83}},"4":{"start":{"line":9,"column":0},"end":{"line":9,"column":51}},"5":{"start":{"line":10,"column":0},"end":{"line":10,"column":70}},"6":{"start":{"line":21,"column":28},"end":{"line":21,"column":33}},"7":{"start":{"line":23,"column":30},"end":{"line":23,"column":51}},"8":{"start":{"line":24,"column":4},"end":{"line":24,"column":42}},"9":{"start":{"line":37,"column":4},"end":{"line":40,"column":7}},"10":{"start":{"line":45,"column":22},"end":{"line":45,"column":32}},"11":{"start":{"line":46,"column":4},"end":{"line":46,"column":71}},"12":{"start":{"line":48,"column":4},"end":{"line":153,"column":5}},"13":{"start":{"line":51,"column":6},"end":{"line":56,"column":9}},"14":{"start":{"line":59,"column":29},"end":{"line":59,"column":57}},"15":{"start":{"line":60,"column":26},"end":{"line":60,"column":88}},"16":{"start":{"line":62,"column":6},"end":{"line":74,"column":7}},"17":{"start":{"line":65,"column":26},"end":{"line":65,"column":114}},"18":{"start":{"line":66,"column":8},"end":{"line":69,"column":10}},"19":{"start":{"line":73,"column":8},"end":{"line":73,"column":41}},"20":{"start":{"line":77,"column":6},"end":{"line":82,"column":9}},"21":{"start":{"line":84,"column":6},"end":{"line":102,"column":7}},"22":{"start":{"line":85,"column":8},"end":{"line":85,"column":41}},"23":{"start":{"line":86,"column":8},"end":{"line":86,"column":64}},"24":{"start":{"line":88,"column":29},"end":{"line":88,"column":100}},"25":{"start":{"line":89,"column":26},"end":{"line":92,"column":28}},"26":{"start":{"line":94,"column":8},"end":{"line":95,"column":50}},"27":{"start":{"line":97,"column":8},"end":{"line":101,"column":10}},"28":{"start":{"line":105,"column":6},"end":{"line":110,"column":9}},"29":{"start":{"line":112,"column":6},"end":{"line":112,"column":30}},"30":{"start":{"line":113,"column":22},"end":{"line":113,"column":45}},"31":{"start":{"line":114,"column":22},"end":{"line":114,"column":44}},"32":{"start":{"line":116,"column":6},"end":{"line":116,"column":66}},"33":{"start":{"line":118,"column":6},"end":{"line":123,"column":8}},"34":{"start":{"line":126,"column":24},"end":{"line":126,"column":66}},"35":{"start":{"line":128,"column":25},"end":{"line":132,"column":8}},"36":{"start":{"line":134,"column":6},"end":{"line":137,"column":8}},"37":{"start":{"line":139,"column":6},"end":{"line":146,"column":9}},"38":{"start":{"line":148,"column":6},"end":{"line":152,"column":8}},"39":{"start":{"line":160,"column":4},"end":{"line":182,"column":5}},"40":{"start":{"line":161,"column":23},"end":{"line":161,"column":55}},"41":{"start":{"line":163,"column":6},"end":{"line":168,"column":8}},"42":{"start":{"line":170,"column":25},"end":{"line":174,"column":8}},"43":{"start":{"line":176,"column":6},"end":{"line":181,"column":8}},"44":{"start":{"line":187,"column":21},"end":{"line":192,"column":6}},"45":{"start":{"line":194,"column":4},"end":{"line":218,"column":6}},"46":{"start":{"line":196,"column":8},"end":{"line":202,"column":11}},"47":{"start":{"line":204,"column":8},"end":{"line":209,"column":11}},"48":{"start":{"line":211,"column":8},"end":{"line":211,"column":29}},"49":{"start":{"line":214,"column":8},"end":{"line":214,"column":72}},"50":{"start":{"line":215,"column":8},"end":{"line":215,"column":36}},"51":{"start":{"line":216,"column":8},"end":{"line":216,"column":37}},"52":{"start":{"line":220,"column":4},"end":{"line":254,"column":6}},"53":{"start":{"line":222,"column":8},"end":{"line":229,"column":11}},"54":{"start":{"line":231,"column":8},"end":{"line":236,"column":11}},"55":{"start":{"line":238,"column":8},"end":{"line":238,"column":24}},"56":{"start":{"line":241,"column":8},"end":{"line":249,"column":11}},"57":{"start":{"line":251,"column":8},"end":{"line":251,"column":36}},"58":{"start":{"line":252,"column":8},"end":{"line":252,"column":37}},"59":{"start":{"line":256,"column":4},"end":{"line":256,"column":20}},"60":{"start":{"line":263,"column":44},"end":{"line":266,"column":6}},"61":{"start":{"line":268,"column":4},"end":{"line":270,"column":5}},"62":{"start":{"line":269,"column":6},"end":{"line":269,"column":48}},"63":{"start":{"line":272,"column":4},"end":{"line":272,"column":19}},"64":{"start":{"line":279,"column":4},"end":{"line":281,"column":5}},"65":{"start":{"line":280,"column":6},"end":{"line":280,"column":13}},"66":{"start":{"line":283,"column":4},"end":{"line":307,"column":5}},"67":{"start":{"line":284,"column":21},"end":{"line":284,"column":77}},"68":{"start":{"line":286,"column":6},"end":{"line":288,"column":7}},"69":{"start":{"line":287,"column":8},"end":{"line":287,"column":65}},"70":{"start":{"line":290,"column":6},"end":{"line":290,"column":34}},"71":{"start":{"line":292,"column":6},"end":{"line":295,"column":9}},"72":{"start":{"line":297,"column":6},"end":{"line":297,"column":35}},"73":{"start":{"line":298,"column":27},"end":{"line":298,"column":98}},"74":{"start":{"line":300,"column":6},"end":{"line":304,"column":9}},"75":{"start":{"line":306,"column":6},"end":{"line":306,"column":18}},"76":{"start":{"line":316,"column":4},"end":{"line":323,"column":5}},"77":{"start":{"line":317,"column":6},"end":{"line":322,"column":8}},"78":{"start":{"line":327,"column":4},"end":{"line":327,"column":14}},"79":{"start":{"line":332,"column":23},"end":{"line":337,"column":6}},"80":{"start":{"line":339,"column":4},"end":{"line":345,"column":7}},"81":{"start":{"line":349,"column":23},"end":{"line":353,"column":6}},"82":{"start":{"line":355,"column":4},"end":{"line":361,"column":7}},"83":{"start":{"line":366,"column":4},"end":{"line":369,"column":15}},"84":{"start":{"line":15,"column":0},"end":{"line":15,"column":22}}},"fnMap":{"0":{"name":"(anonymous_1)","decl":{"start":{"line":23,"column":2},"end":{"line":23,"column":30}},"loc":{"start":{"line":23,"column":51},"end":{"line":25,"column":3}}},"1":{"name":"(anonymous_2)","decl":{"start":{"line":36,"column":2},"end":{"line":36,"column":9}},"loc":{"start":{"line":36,"column":9},"end":{"line":41,"column":3}}},"2":{"name":"(anonymous_3)","decl":{"start":{"line":44,"column":2},"end":{"line":44,"column":7}},"loc":{"start":{"line":44,"column":22},"end":{"line":154,"column":3}}},"3":{"name":"(anonymous_4)","decl":{"start":{"line":159,"column":2},"end":{"line":159,"column":7}},"loc":{"start":{"line":159,"column":17},"end":{"line":183,"column":3}}},"4":{"name":"(anonymous_5)","decl":{"start":{"line":186,"column":12},"end":{"line":186,"column":28}},"loc":{"start":{"line":186,"column":28},"end":{"line":257,"column":3}}},"5":{"name":"(anonymous_6)","decl":{"start":{"line":195,"column":6},"end":{"line":195,"column":7}},"loc":{"start":{"line":195,"column":24},"end":{"line":212,"column":7}}},"6":{"name":"(anonymous_7)","decl":{"start":{"line":213,"column":6},"end":{"line":213,"column":7}},"loc":{"start":{"line":213,"column":16},"end":{"line":217,"column":7}}},"7":{"name":"(anonymous_8)","decl":{"start":{"line":221,"column":6},"end":{"line":221,"column":7}},"loc":{"start":{"line":221,"column":19},"end":{"line":239,"column":7}}},"8":{"name":"(anonymous_9)","decl":{"start":{"line":240,"column":6},"end":{"line":240,"column":7}},"loc":{"start":{"line":240,"column":16},"end":{"line":253,"column":7}}},"9":{"name":"(anonymous_10)","decl":{"start":{"line":262,"column":12},"end":{"line":262,"column":29}},"loc":{"start":{"line":262,"column":29},"end":{"line":273,"column":3}}},"10":{"name":"(anonymous_11)","decl":{"start":{"line":278,"column":12},"end":{"line":278,"column":17}},"loc":{"start":{"line":278,"column":37},"end":{"line":308,"column":3}}},"11":{"name":"(anonymous_12)","decl":{"start":{"line":314,"column":12},"end":{"line":314,"column":25}},"loc":{"start":{"line":314,"column":25},"end":{"line":328,"column":3}}},"12":{"name":"(anonymous_13)","decl":{"start":{"line":331,"column":12},"end":{"line":331,"column":27}},"loc":{"start":{"line":331,"column":45},"end":{"line":346,"column":3}}},"13":{"name":"(anonymous_14)","decl":{"start":{"line":348,"column":10},"end":{"line":348,"column":25}},"loc":{"start":{"line":348,"column":40},"end":{"line":362,"column":3}}},"14":{"name":"(anonymous_15)","decl":{"start":{"line":365,"column":12},"end":{"line":365,"column":27}},"loc":{"start":{"line":365,"column":42},"end":{"line":370,"column":3}}}},"branchMap":{"0":{"loc":{"start":{"line":59,"column":29},"end":{"line":59,"column":57}},"type":"binary-expr","locations":[{"start":{"line":59,"column":29},"end":{"line":59,"column":48}},{"start":{"line":59,"column":52},"end":{"line":59,"column":57}}]},"1":{"loc":{"start":{"line":62,"column":6},"end":{"line":74,"column":7}},"type":"if","locations":[{"start":{"line":62,"column":6},"end":{"line":74,"column":7}},{"start":{"line":72,"column":13},"end":{"line":74,"column":7}}]},"2":{"loc":{"start":{"line":88,"column":29},"end":{"line":88,"column":100}},"type":"cond-expr","locations":[{"start":{"line":88,"column":54},"end":{"line":88,"column":67}},{"start":{"line":88,"column":70},"end":{"line":88,"column":100}}]},"3":{"loc":{"start":{"line":136,"column":8},"end":{"line":136,"column":81}},"type":"cond-expr","locations":[{"start":{"line":136,"column":31},"end":{"line":136,"column":69}},{"start":{"line":136,"column":72},"end":{"line":136,"column":81}}]},"4":{"loc":{"start":{"line":150,"column":41},"end":{"line":150,"column":94}},"type":"cond-expr","locations":[{"start":{"line":150,"column":64},"end":{"line":150,"column":89}},{"start":{"line":150,"column":92},"end":{"line":150,"column":94}}]},"5":{"loc":{"start":{"line":167,"column":17},"end":{"line":167,"column":107}},"type":"cond-expr","locations":[{"start":{"line":167,"column":54},"end":{"line":167,"column":95}},{"start":{"line":167,"column":98},"end":{"line":167,"column":107}}]},"6":{"loc":{"start":{"line":177,"column":16},"end":{"line":177,"column":66}},"type":"cond-expr","locations":[{"start":{"line":177,"column":44},"end":{"line":177,"column":53}},{"start":{"line":177,"column":56},"end":{"line":177,"column":66}}]},"7":{"loc":{"start":{"line":189,"column":15},"end":{"line":189,"column":44}},"type":"binary-expr","locations":[{"start":{"line":189,"column":15},"end":{"line":189,"column":34}},{"start":{"line":189,"column":38},"end":{"line":189,"column":44}}]},"8":{"loc":{"start":{"line":228,"column":22},"end":{"line":228,"column":78}},"type":"cond-expr","locations":[{"start":{"line":228,"column":38},"end":{"line":228,"column":74}},{"start":{"line":228,"column":77},"end":{"line":228,"column":78}}]},"9":{"loc":{"start":{"line":268,"column":4},"end":{"line":270,"column":5}},"type":"if","locations":[{"start":{"line":268,"column":4},"end":{"line":270,"column":5}}]},"10":{"loc":{"start":{"line":279,"column":4},"end":{"line":281,"column":5}},"type":"if","locations":[{"start":{"line":279,"column":4},"end":{"line":281,"column":5}}]},"11":{"loc":{"start":{"line":286,"column":6},"end":{"line":288,"column":7}},"type":"if","locations":[{"start":{"line":286,"column":6},"end":{"line":288,"column":7}}]},"12":{"loc":{"start":{"line":286,"column":10},"end":{"line":286,"column":50}},"type":"binary-expr","locations":[{"start":{"line":286,"column":10},"end":{"line":286,"column":25}},{"start":{"line":286,"column":29},"end":{"line":286,"column":50}}]},"13":{"loc":{"start":{"line":287,"column":24},"end":{"line":287,"column":63}},"type":"binary-expr","locations":[{"start":{"line":287,"column":24},"end":{"line":287,"column":36}},{"start":{"line":287,"column":40},"end":{"line":287,"column":63}}]},"14":{"loc":{"start":{"line":298,"column":27},"end":{"line":298,"column":98}},"type":"cond-expr","locations":[{"start":{"line":298,"column":52},"end":{"line":298,"column":65}},{"start":{"line":298,"column":68},"end":{"line":298,"column":98}}]},"15":{"loc":{"start":{"line":316,"column":4},"end":{"line":323,"column":5}},"type":"if","locations":[{"start":{"line":316,"column":4},"end":{"line":323,"column":5}}]},"16":{"loc":{"start":{"line":316,"column":8},"end":{"line":316,"column":89}},"type":"binary-expr","locations":[{"start":{"line":316,"column":8},"end":{"line":316,"column":41}},{"start":{"line":316,"column":45},"end":{"line":316,"column":65}},{"start":{"line":316,"column":69},"end":{"line":316,"column":89}}]}},"s":{"0":1,"1":1,"2":1,"3":1,"4":1,"5":1,"6":7,"7":7,"8":7,"9":0,"10":0,"11":0,"12":0,"13":0,"14":0,"15":0,"16":0,"17":0,"18":0,"19":0,"20":0,"21":0,"22":0,"23":0,"24":0,"25":0,"26":0,"27":0,"28":0,"29":0,"30":0,"31":0,"32":0,"33":0,"34":0,"35":0,"36":0,"37":0,"38":0,"39":0,"40":0,"41":0,"42":0,"43":0,"44":7,"45":7,"46":0,"47":0,"48":0,"49":0,"50":0,"51":0,"52":7,"53":0,"54":0,"55":0,"56":0,"57":0,"58":0,"59":7,"60":7,"61":7,"62":0,"63":7,"64":0,"65":0,"66":0,"67":0,"68":0,"69":0,"70":0,"71":0,"72":0,"73":0,"74":0,"75":0,"76":7,"77":3,"78":4,"79":0,"80":0,"81":0,"82":0,"83":0,"84":1},"f":{"0":7,"1":0,"2":0,"3":0,"4":7,"5":0,"6":0,"7":0,"8":0,"9":7,"10":0,"11":7,"12":0,"13":0,"14":0},"b":{"0":[0,0],"1":[0,0],"2":[0,0],"3":[0,0],"4":[0,0],"5":[0,0],"6":[0,0],"7":[7,7],"8":[0,0],"9":[0],"10":[0],"11":[0],"12":[0,0],"13":[0,0],"14":[0,0],"15":[3],"16":[7,4,3]}}
,"/workspace/src/connectors/implementations/JellyseerrConnector.ts": {"path":"/workspace/src/connectors/implementations/JellyseerrConnector.ts","statementMap":{"0":{"start":{"line":1,"column":0},"end":{"line":1,"column":64}},"1":{"start":{"line":17,"column":0},"end":{"line":17,"column":53}},"2":{"start":{"line":19,"column":19},"end":{"line":19,"column":28}},"3":{"start":{"line":20,"column":25},"end":{"line":20,"column":48}},"4":{"start":{"line":21,"column":24},"end":{"line":21,"column":46}},"5":{"start":{"line":22,"column":24},"end":{"line":22,"column":46}},"6":{"start":{"line":23,"column":28},"end":{"line":23,"column":65}},"7":{"start":{"line":130,"column":25},"end":{"line":162,"column":1}},"8":{"start":{"line":131,"column":2},"end":{"line":146,"column":3}},"9":{"start":{"line":132,"column":4},"end":{"line":145,"column":5}},"10":{"start":{"line":134,"column":8},"end":{"line":134,"column":25}},"11":{"start":{"line":136,"column":8},"end":{"line":136,"column":26}},"12":{"start":{"line":138,"column":8},"end":{"line":138,"column":26}},"13":{"start":{"line":140,"column":8},"end":{"line":140,"column":28}},"14":{"start":{"line":142,"column":8},"end":{"line":142,"column":27}},"15":{"start":{"line":144,"column":8},"end":{"line":144,"column":25}},"16":{"start":{"line":148,"column":2},"end":{"line":161,"column":3}},"17":{"start":{"line":150,"column":6},"end":{"line":150,"column":23}},"18":{"start":{"line":152,"column":6},"end":{"line":152,"column":24}},"19":{"start":{"line":154,"column":6},"end":{"line":154,"column":24}},"20":{"start":{"line":156,"column":6},"end":{"line":156,"column":26}},"21":{"start":{"line":158,"column":6},"end":{"line":158,"column":25}},"22":{"start":{"line":160,"column":6},"end":{"line":160,"column":23}},"23":{"start":{"line":164,"column":23},"end":{"line":178,"column":1}},"24":{"start":{"line":165,"column":2},"end":{"line":177,"column":3}},"25":{"start":{"line":167,"column":6},"end":{"line":167,"column":23}},"26":{"start":{"line":170,"column":6},"end":{"line":170,"column":26}},"27":{"start":{"line":172,"column":6},"end":{"line":172,"column":25}},"28":{"start":{"line":174,"column":6},"end":{"line":174,"column":24}},"29":{"start":{"line":176,"column":6},"end":{"line":176,"column":23}},"30":{"start":{"line":180,"column":24},"end":{"line":190,"column":1}},"31":{"start":{"line":181,"column":2},"end":{"line":183,"column":3}},"32":{"start":{"line":182,"column":4},"end":{"line":182,"column":21}},"33":{"start":{"line":185,"column":2},"end":{"line":187,"column":3}},"34":{"start":{"line":186,"column":4},"end":{"line":186,"column":16}},"35":{"start":{"line":189,"column":2},"end":{"line":189,"column":41}},"36":{"start":{"line":192,"column":16},"end":{"line":205,"column":1}},"37":{"start":{"line":193,"column":2},"end":{"line":195,"column":3}},"38":{"start":{"line":194,"column":4},"end":{"line":194,"column":21}},"39":{"start":{"line":197,"column":2},"end":{"line":204,"column":4}},"40":{"start":{"line":207,"column":18},"end":{"line":222,"column":1}},"41":{"start":{"line":211,"column":17},"end":{"line":211,"column":72}},"42":{"start":{"line":212,"column":23},"end":{"line":212,"column":47}},"43":{"start":{"line":214,"column":2},"end":{"line":221,"column":4}},"44":{"start":{"line":224,"column":17},"end":{"line":256,"column":1}},"45":{"start":{"line":228,"column":29},"end":{"line":228,"column":81}},"46":{"start":{"line":230,"column":18},"end":{"line":230,"column":77}},"47":{"start":{"line":230,"column":49},"end":{"line":230,"column":60}},"48":{"start":{"line":231,"column":17},"end":{"line":231,"column":73}},"49":{"start":{"line":231,"column":46},"end":{"line":231,"column":56}},"50":{"start":{"line":233,"column":2},"end":{"line":255,"column":4}},"51":{"start":{"line":258,"column":19},"end":{"line":272,"column":1}},"52":{"start":{"line":259,"column":18},"end":{"line":259,"column":83}},"53":{"start":{"line":259,"column":51},"end":{"line":259,"column":82}},"54":{"start":{"line":261,"column":2},"end":{"line":271,"column":4}},"55":{"start":{"line":274,"column":25},"end":{"line":293,"column":1}},"56":{"start":{"line":275,"column":16},"end":{"line":275,"column":44}},"57":{"start":{"line":276,"column":16},"end":{"line":276,"column":75}},"58":{"start":{"line":279,"column":4},"end":{"line":286,"column":18}},"59":{"start":{"line":288,"column":2},"end":{"line":292,"column":4}},"60":{"start":{"line":295,"column":25},"end":{"line":324,"column":6}},"61":{"start":{"line":296,"column":2},"end":{"line":324,"column":6}},"62":{"start":{"line":297,"column":22},"end":{"line":297,"column":75}},"63":{"start":{"line":299,"column":24},"end":{"line":299,"column":38}},"64":{"start":{"line":300,"column":21},"end":{"line":300,"column":77}},"65":{"start":{"line":303,"column":8},"end":{"line":305,"column":78}},"66":{"start":{"line":307,"column":6},"end":{"line":323,"column":8}},"67":{"start":{"line":326,"column":30},"end":{"line":360,"column":1}},"68":{"start":{"line":329,"column":2},"end":{"line":331,"column":3}},"69":{"start":{"line":330,"column":4},"end":{"line":330,"column":14}},"70":{"start":{"line":333,"column":42},"end":{"line":333,"column":44}},"71":{"start":{"line":335,"column":2},"end":{"line":337,"column":3}},"72":{"start":{"line":336,"column":4},"end":{"line":336,"column":31}},"73":{"start":{"line":339,"column":2},"end":{"line":341,"column":3}},"74":{"start":{"line":340,"column":4},"end":{"line":340,"column":31}},"75":{"start":{"line":343,"column":2},"end":{"line":345,"column":3}},"76":{"start":{"line":344,"column":4},"end":{"line":344,"column":35}},"77":{"start":{"line":347,"column":2},"end":{"line":349,"column":3}},"78":{"start":{"line":348,"column":4},"end":{"line":348,"column":31}},"79":{"start":{"line":351,"column":2},"end":{"line":353,"column":3}},"80":{"start":{"line":352,"column":4},"end":{"line":352,"column":55}},"81":{"start":{"line":355,"column":2},"end":{"line":357,"column":3}},"82":{"start":{"line":356,"column":4},"end":{"line":356,"column":42}},"83":{"start":{"line":359,"column":2},"end":{"line":359,"column":16}},"84":{"start":{"line":362,"column":27},"end":{"line":409,"column":1}},"85":{"start":{"line":363,"column":40},"end":{"line":366,"column":4}},"86":{"start":{"line":368,"column":2},"end":{"line":370,"column":3}},"87":{"start":{"line":369,"column":4},"end":{"line":369,"column":33}},"88":{"start":{"line":372,"column":2},"end":{"line":374,"column":3}},"89":{"start":{"line":373,"column":4},"end":{"line":373,"column":29}},"90":{"start":{"line":376,"column":2},"end":{"line":382,"column":3}},"91":{"start":{"line":377,"column":4},"end":{"line":381,"column":5}},"92":{"start":{"line":378,"column":6},"end":{"line":378,"column":37}},"93":{"start":{"line":379,"column":11},"end":{"line":381,"column":5}},"94":{"start":{"line":380,"column":6},"end":{"line":380,"column":27}},"95":{"start":{"line":384,"column":2},"end":{"line":386,"column":3}},"96":{"start":{"line":385,"column":4},"end":{"line":385,"column":37}},"97":{"start":{"line":388,"column":2},"end":{"line":390,"column":3}},"98":{"start":{"line":389,"column":4},"end":{"line":389,"column":39}},"99":{"start":{"line":392,"column":2},"end":{"line":394,"column":3}},"100":{"start":{"line":393,"column":4},"end":{"line":393,"column":41}},"101":{"start":{"line":396,"column":2},"end":{"line":398,"column":3}},"102":{"start":{"line":397,"column":4},"end":{"line":397,"column":55}},"103":{"start":{"line":400,"column":2},"end":{"line":402,"column":3}},"104":{"start":{"line":401,"column":4},"end":{"line":401,"column":33}},"105":{"start":{"line":404,"column":2},"end":{"line":406,"column":3}},"106":{"start":{"line":405,"column":4},"end":{"line":405,"column":29}},"107":{"start":{"line":408,"column":2},"end":{"line":408,"column":14}},"108":{"start":{"line":411,"column":25},"end":{"line":427,"column":1}},"109":{"start":{"line":412,"column":2},"end":{"line":414,"column":3}},"110":{"start":{"line":413,"column":4},"end":{"line":413,"column":21}},"111":{"start":{"line":416,"column":35},"end":{"line":416,"column":37}},"112":{"start":{"line":418,"column":2},"end":{"line":420,"column":3}},"113":{"start":{"line":419,"column":4},"end":{"line":419,"column":29}},"114":{"start":{"line":422,"column":2},"end":{"line":424,"column":3}},"115":{"start":{"line":423,"column":4},"end":{"line":423,"column":39}},"116":{"start":{"line":426,"column":2},"end":{"line":426,"column":14}},"117":{"start":{"line":429,"column":25},"end":{"line":449,"column":1}},"118":{"start":{"line":430,"column":2},"end":{"line":432,"column":3}},"119":{"start":{"line":431,"column":4},"end":{"line":431,"column":21}},"120":{"start":{"line":434,"column":35},"end":{"line":434,"column":37}},"121":{"start":{"line":436,"column":2},"end":{"line":438,"column":3}},"122":{"start":{"line":437,"column":4},"end":{"line":437,"column":29}},"123":{"start":{"line":440,"column":2},"end":{"line":442,"column":3}},"124":{"start":{"line":441,"column":4},"end":{"line":441,"column":39}},"125":{"start":{"line":444,"column":2},"end":{"line":446,"column":3}},"126":{"start":{"line":445,"column":4},"end":{"line":445,"column":40}},"127":{"start":{"line":448,"column":2},"end":{"line":448,"column":14}},"128":{"start":{"line":453,"column":4},"end":{"line":453,"column":37}},"129":{"start":{"line":454,"column":4},"end":{"line":454,"column":28}},"130":{"start":{"line":458,"column":4},"end":{"line":458,"column":37}},"131":{"start":{"line":460,"column":4},"end":{"line":470,"column":5}},"132":{"start":{"line":461,"column":23},"end":{"line":461,"column":80}},"133":{"start":{"line":462,"column":6},"end":{"line":462,"column":75}},"134":{"start":{"line":464,"column":6},"end":{"line":469,"column":9}},"135":{"start":{"line":474,"column":4},"end":{"line":474,"column":37}},"136":{"start":{"line":476,"column":4},"end":{"line":487,"column":5}},"137":{"start":{"line":477,"column":21},"end":{"line":477,"column":51}},"138":{"start":{"line":478,"column":23},"end":{"line":478,"column":108}},"139":{"start":{"line":479,"column":6},"end":{"line":479,"column":45}},"140":{"start":{"line":481,"column":6},"end":{"line":486,"column":9}},"141":{"start":{"line":491,"column":4},"end":{"line":491,"column":37}},"142":{"start":{"line":493,"column":4},"end":{"line":503,"column":5}},"143":{"start":{"line":494,"column":23},"end":{"line":494,"column":85}},"144":{"start":{"line":495,"column":6},"end":{"line":495,"column":39}},"145":{"start":{"line":497,"column":6},"end":{"line":502,"column":9}},"146":{"start":{"line":507,"column":4},"end":{"line":507,"column":37}},"147":{"start":{"line":509,"column":4},"end":{"line":519,"column":5}},"148":{"start":{"line":510,"column":23},"end":{"line":510,"column":104}},"149":{"start":{"line":511,"column":6},"end":{"line":511,"column":39}},"150":{"start":{"line":513,"column":6},"end":{"line":518,"column":9}},"151":{"start":{"line":523,"column":4},"end":{"line":523,"column":37}},"152":{"start":{"line":525,"column":4},"end":{"line":538,"column":5}},"153":{"start":{"line":526,"column":23},"end":{"line":528,"column":null}},"154":{"start":{"line":530,"column":6},"end":{"line":530,"column":39}},"155":{"start":{"line":532,"column":6},"end":{"line":537,"column":9}},"156":{"start":{"line":542,"column":4},"end":{"line":542,"column":37}},"157":{"start":{"line":544,"column":4},"end":{"line":557,"column":5}},"158":{"start":{"line":545,"column":23},"end":{"line":547,"column":null}},"159":{"start":{"line":549,"column":6},"end":{"line":549,"column":39}},"160":{"start":{"line":551,"column":6},"end":{"line":556,"column":9}},"161":{"start":{"line":561,"column":4},"end":{"line":561,"column":37}},"162":{"start":{"line":563,"column":4},"end":{"line":573,"column":5}},"163":{"start":{"line":564,"column":6},"end":{"line":564,"column":67}},"164":{"start":{"line":565,"column":6},"end":{"line":565,"column":18}},"165":{"start":{"line":567,"column":6},"end":{"line":572,"column":9}},"166":{"start":{"line":577,"column":4},"end":{"line":577,"column":37}},"167":{"start":{"line":579,"column":4},"end":{"line":607,"column":5}},"168":{"start":{"line":580,"column":46},"end":{"line":582,"column":8}},"169":{"start":{"line":584,"column":19},"end":{"line":584,"column":44}},"170":{"start":{"line":585,"column":6},"end":{"line":587,"column":7}},"171":{"start":{"line":586,"column":8},"end":{"line":586,"column":27}},"172":{"start":{"line":589,"column":22},"end":{"line":589,"column":44}},"173":{"start":{"line":590,"column":29},"end":{"line":590,"column":73}},"174":{"start":{"line":591,"column":6},"end":{"line":593,"column":7}},"175":{"start":{"line":592,"column":8},"end":{"line":592,"column":47}},"176":{"start":{"line":595,"column":23},"end":{"line":597,"column":8}},"177":{"start":{"line":599,"column":6},"end":{"line":599,"column":53}},"178":{"start":{"line":601,"column":6},"end":{"line":606,"column":9}},"179":{"start":{"line":451,"column":0},"end":{"line":451,"column":13}}},"fnMap":{"0":{"name":"(anonymous_0)","decl":{"start":{"line":130,"column":25},"end":{"line":130,"column":26}},"loc":{"start":{"line":130,"column":79},"end":{"line":162,"column":1}}},"1":{"name":"(anonymous_1)","decl":{"start":{"line":164,"column":23},"end":{"line":164,"column":24}},"loc":{"start":{"line":164,"column":68},"end":{"line":178,"column":1}}},"2":{"name":"(anonymous_2)","decl":{"start":{"line":180,"column":24},"end":{"line":180,"column":25}},"loc":{"start":{"line":180,"column":62},"end":{"line":190,"column":1}}},"3":{"name":"(anonymous_3)","decl":{"start":{"line":192,"column":16},"end":{"line":192,"column":17}},"loc":{"start":{"line":192,"column":70},"end":{"line":205,"column":1}}},"4":{"name":"(anonymous_4)","decl":{"start":{"line":207,"column":18},"end":{"line":207,"column":null}},"loc":{"start":{"line":210,"column":35},"end":{"line":222,"column":1}}},"5":{"name":"(anonymous_5)","decl":{"start":{"line":224,"column":17},"end":{"line":224,"column":null}},"loc":{"start":{"line":227,"column":28},"end":{"line":256,"column":1}}},"6":{"name":"(anonymous_6)","decl":{"start":{"line":230,"column":37},"end":{"line":230,"column":38}},"loc":{"start":{"line":230,"column":49},"end":{"line":230,"column":60}}},"7":{"name":"(anonymous_7)","decl":{"start":{"line":231,"column":35},"end":{"line":231,"column":36}},"loc":{"start":{"line":231,"column":46},"end":{"line":231,"column":56}}},"8":{"name":"(anonymous_8)","decl":{"start":{"line":258,"column":19},"end":{"line":258,"column":20}},"loc":{"start":{"line":258,"column":62},"end":{"line":272,"column":1}}},"9":{"name":"(anonymous_9)","decl":{"start":{"line":259,"column":39},"end":{"line":259,"column":40}},"loc":{"start":{"line":259,"column":51},"end":{"line":259,"column":82}}},"10":{"name":"(anonymous_10)","decl":{"start":{"line":274,"column":25},"end":{"line":274,"column":26}},"loc":{"start":{"line":274,"column":91},"end":{"line":293,"column":1}}},"11":{"name":"(anonymous_11)","decl":{"start":{"line":295,"column":25},"end":{"line":295,"column":26}},"loc":{"start":{"line":296,"column":2},"end":{"line":324,"column":6}}},"12":{"name":"(anonymous_12)","decl":{"start":{"line":297,"column":12},"end":{"line":297,"column":13}},"loc":{"start":{"line":297,"column":22},"end":{"line":297,"column":75}}},"13":{"name":"(anonymous_13)","decl":{"start":{"line":298,"column":9},"end":{"line":298,"column":10}},"loc":{"start":{"line":298,"column":18},"end":{"line":324,"column":5}}},"14":{"name":"(anonymous_14)","decl":{"start":{"line":326,"column":30},"end":{"line":326,"column":null}},"loc":{"start":{"line":328,"column":29},"end":{"line":360,"column":1}}},"15":{"name":"(anonymous_15)","decl":{"start":{"line":362,"column":27},"end":{"line":362,"column":28}},"loc":{"start":{"line":362,"column":89},"end":{"line":409,"column":1}}},"16":{"name":"(anonymous_16)","decl":{"start":{"line":411,"column":25},"end":{"line":411,"column":26}},"loc":{"start":{"line":411,"column":97},"end":{"line":427,"column":1}}},"17":{"name":"(anonymous_17)","decl":{"start":{"line":429,"column":25},"end":{"line":429,"column":26}},"loc":{"start":{"line":429,"column":96},"end":{"line":449,"column":1}}},"18":{"name":"(anonymous_18)","decl":{"start":{"line":452,"column":2},"end":{"line":452,"column":7}},"loc":{"start":{"line":452,"column":18},"end":{"line":455,"column":3}}},"19":{"name":"(anonymous_19)","decl":{"start":{"line":457,"column":2},"end":{"line":457,"column":7}},"loc":{"start":{"line":457,"column":18},"end":{"line":471,"column":3}}},"20":{"name":"(anonymous_20)","decl":{"start":{"line":473,"column":2},"end":{"line":473,"column":7}},"loc":{"start":{"line":473,"column":59},"end":{"line":488,"column":3}}},"21":{"name":"(anonymous_21)","decl":{"start":{"line":490,"column":2},"end":{"line":490,"column":7}},"loc":{"start":{"line":490,"column":33},"end":{"line":504,"column":3}}},"22":{"name":"(anonymous_22)","decl":{"start":{"line":506,"column":2},"end":{"line":506,"column":7}},"loc":{"start":{"line":506,"column":54},"end":{"line":520,"column":3}}},"23":{"name":"(anonymous_23)","decl":{"start":{"line":522,"column":2},"end":{"line":522,"column":7}},"loc":{"start":{"line":522,"column":77},"end":{"line":539,"column":3}}},"24":{"name":"(anonymous_24)","decl":{"start":{"line":541,"column":2},"end":{"line":541,"column":7}},"loc":{"start":{"line":541,"column":76},"end":{"line":558,"column":3}}},"25":{"name":"(anonymous_25)","decl":{"start":{"line":560,"column":2},"end":{"line":560,"column":7}},"loc":{"start":{"line":560,"column":39},"end":{"line":574,"column":3}}},"26":{"name":"(anonymous_26)","decl":{"start":{"line":576,"column":2},"end":{"line":576,"column":7}},"loc":{"start":{"line":576,"column":53},"end":{"line":608,"column":3}}}},"branchMap":{"0":{"loc":{"start":{"line":131,"column":2},"end":{"line":146,"column":3}},"type":"if","locations":[{"start":{"line":131,"column":2},"end":{"line":146,"column":3}}]},"1":{"loc":{"start":{"line":132,"column":4},"end":{"line":145,"column":5}},"type":"switch","locations":[{"start":{"line":133,"column":6},"end":{"line":134,"column":25}},{"start":{"line":135,"column":6},"end":{"line":136,"column":26}},{"start":{"line":137,"column":6},"end":{"line":138,"column":26}},{"start":{"line":139,"column":6},"end":{"line":140,"column":28}},{"start":{"line":141,"column":6},"end":{"line":142,"column":27}},{"start":{"line":143,"column":6},"end":{"line":144,"column":25}}]},"2":{"loc":{"start":{"line":148,"column":2},"end":{"line":161,"column":3}},"type":"switch","locations":[{"start":{"line":149,"column":4},"end":{"line":150,"column":23}},{"start":{"line":151,"column":4},"end":{"line":152,"column":24}},{"start":{"line":153,"column":4},"end":{"line":154,"column":24}},{"start":{"line":155,"column":4},"end":{"line":156,"column":26}},{"start":{"line":157,"column":4},"end":{"line":158,"column":25}},{"start":{"line":159,"column":4},"end":{"line":160,"column":23}}]},"3":{"loc":{"start":{"line":165,"column":2},"end":{"line":177,"column":3}},"type":"switch","locations":[{"start":{"line":166,"column":4},"end":{"line":167,"column":23}},{"start":{"line":168,"column":4},"end":{"line":168,"column":11}},{"start":{"line":169,"column":4},"end":{"line":170,"column":26}},{"start":{"line":171,"column":4},"end":{"line":172,"column":25}},{"start":{"line":173,"column":4},"end":{"line":174,"column":24}},{"start":{"line":175,"column":4},"end":{"line":176,"column":23}}]},"4":{"loc":{"start":{"line":181,"column":2},"end":{"line":183,"column":3}},"type":"if","locations":[{"start":{"line":181,"column":2},"end":{"line":183,"column":3}}]},"5":{"loc":{"start":{"line":185,"column":2},"end":{"line":187,"column":3}},"type":"if","locations":[{"start":{"line":185,"column":2},"end":{"line":187,"column":3}}]},"6":{"loc":{"start":{"line":185,"column":6},"end":{"line":185,"column":63}},"type":"binary-expr","locations":[{"start":{"line":185,"column":6},"end":{"line":185,"column":32}},{"start":{"line":185,"column":36},"end":{"line":185,"column":63}}]},"7":{"loc":{"start":{"line":193,"column":2},"end":{"line":195,"column":3}},"type":"if","locations":[{"start":{"line":193,"column":2},"end":{"line":195,"column":3}}]},"8":{"loc":{"start":{"line":211,"column":17},"end":{"line":211,"column":72}},"type":"cond-expr","locations":[{"start":{"line":211,"column":24},"end":{"line":211,"column":56}},{"start":{"line":211,"column":59},"end":{"line":211,"column":72}}]},"9":{"loc":{"start":{"line":211,"column":24},"end":{"line":211,"column":56}},"type":"binary-expr","locations":[{"start":{"line":211,"column":24},"end":{"line":211,"column":39}},{"start":{"line":211,"column":43},"end":{"line":211,"column":56}}]},"10":{"loc":{"start":{"line":219,"column":16},"end":{"line":219,"column":75}},"type":"binary-expr","locations":[{"start":{"line":219,"column":16},"end":{"line":219,"column":43}},{"start":{"line":219,"column":47},"end":{"line":219,"column":75}}]},"11":{"loc":{"start":{"line":228,"column":44},"end":{"line":228,"column":80}},"type":"cond-expr","locations":[{"start":{"line":228,"column":51},"end":{"line":228,"column":65}},{"start":{"line":228,"column":68},"end":{"line":228,"column":80}}]},"12":{"loc":{"start":{"line":239,"column":11},"end":{"line":239,"column":58}},"type":"binary-expr","locations":[{"start":{"line":239,"column":11},"end":{"line":239,"column":22}},{"start":{"line":239,"column":26},"end":{"line":239,"column":45}},{"start":{"line":239,"column":49},"end":{"line":239,"column":58}}]},"13":{"loc":{"start":{"line":276,"column":16},"end":{"line":276,"column":75}},"type":"binary-expr","locations":[{"start":{"line":276,"column":16},"end":{"line":276,"column":38}},{"start":{"line":276,"column":42},"end":{"line":276,"column":59}},{"start":{"line":276,"column":63},"end":{"line":276,"column":75}}]},"14":{"loc":{"start":{"line":279,"column":4},"end":{"line":286,"column":18}},"type":"binary-expr","locations":[{"start":{"line":279,"column":4},"end":{"line":279,"column":17}},{"start":{"line":280,"column":5},"end":{"line":286,"column":17}}]},"15":{"loc":{"start":{"line":280,"column":5},"end":{"line":286,"column":17}},"type":"cond-expr","locations":[{"start":{"line":281,"column":8},"end":{"line":285,"column":null}},{"start":{"line":286,"column":8},"end":{"line":286,"column":17}}]},"16":{"loc":{"start":{"line":280,"column":5},"end":{"line":280,"column":54}},"type":"binary-expr","locations":[{"start":{"line":280,"column":5},"end":{"line":280,"column":14}},{"start":{"line":280,"column":18},"end":{"line":280,"column":33}},{"start":{"line":280,"column":37},"end":{"line":280,"column":54}}]},"17":{"loc":{"start":{"line":297,"column":22},"end":{"line":297,"column":75}},"type":"binary-expr","locations":[{"start":{"line":297,"column":22},"end":{"line":297,"column":48}},{"start":{"line":297,"column":52},"end":{"line":297,"column":75}}]},"18":{"loc":{"start":{"line":300,"column":21},"end":{"line":300,"column":77}},"type":"cond-expr","locations":[{"start":{"line":300,"column":33},"end":{"line":300,"column":65}},{"start":{"line":300,"column":68},"end":{"line":300,"column":77}}]},"19":{"loc":{"start":{"line":303,"column":8},"end":{"line":305,"column":78}},"type":"cond-expr","locations":[{"start":{"line":304,"column":12},"end":{"line":304,"column":78}},{"start":{"line":305,"column":12},"end":{"line":305,"column":78}}]},"20":{"loc":{"start":{"line":304,"column":12},"end":{"line":304,"column":78}},"type":"binary-expr","locations":[{"start":{"line":304,"column":12},"end":{"line":304,"column":21}},{"start":{"line":304,"column":25},"end":{"line":304,"column":42}},{"start":{"line":304,"column":46},"end":{"line":304,"column":56}},{"start":{"line":304,"column":60},"end":{"line":304,"column":78}}]},"21":{"loc":{"start":{"line":305,"column":12},"end":{"line":305,"column":78}},"type":"binary-expr","locations":[{"start":{"line":305,"column":12},"end":{"line":305,"column":22}},{"start":{"line":305,"column":26},"end":{"line":305,"column":44}},{"start":{"line":305,"column":48},"end":{"line":305,"column":57}},{"start":{"line":305,"column":61},"end":{"line":305,"column":78}}]},"22":{"loc":{"start":{"line":309,"column":19},"end":{"line":309,"column":59}},"type":"cond-expr","locations":[{"start":{"line":309,"column":45},"end":{"line":309,"column":49}},{"start":{"line":309,"column":52},"end":{"line":309,"column":59}}]},"23":{"loc":{"start":{"line":310,"column":16},"end":{"line":310,"column":49}},"type":"binary-expr","locations":[{"start":{"line":310,"column":16},"end":{"line":310,"column":38}},{"start":{"line":310,"column":42},"end":{"line":310,"column":49}}]},"24":{"loc":{"start":{"line":313,"column":15},"end":{"line":313,"column":42}},"type":"binary-expr","locations":[{"start":{"line":313,"column":15},"end":{"line":313,"column":20}},{"start":{"line":313,"column":24},"end":{"line":313,"column":42}}]},"25":{"loc":{"start":{"line":329,"column":2},"end":{"line":331,"column":3}},"type":"if","locations":[{"start":{"line":329,"column":2},"end":{"line":331,"column":3}}]},"26":{"loc":{"start":{"line":335,"column":2},"end":{"line":337,"column":3}},"type":"if","locations":[{"start":{"line":335,"column":2},"end":{"line":337,"column":3}}]},"27":{"loc":{"start":{"line":339,"column":2},"end":{"line":341,"column":3}},"type":"if","locations":[{"start":{"line":339,"column":2},"end":{"line":341,"column":3}}]},"28":{"loc":{"start":{"line":343,"column":2},"end":{"line":345,"column":3}},"type":"if","locations":[{"start":{"line":343,"column":2},"end":{"line":345,"column":3}}]},"29":{"loc":{"start":{"line":343,"column":6},"end":{"line":343,"column":48}},"type":"binary-expr","locations":[{"start":{"line":343,"column":6},"end":{"line":343,"column":20}},{"start":{"line":343,"column":24},"end":{"line":343,"column":48}}]},"30":{"loc":{"start":{"line":347,"column":2},"end":{"line":349,"column":3}},"type":"if","locations":[{"start":{"line":347,"column":2},"end":{"line":349,"column":3}}]},"31":{"loc":{"start":{"line":351,"column":2},"end":{"line":353,"column":3}},"type":"if","locations":[{"start":{"line":351,"column":2},"end":{"line":353,"column":3}}]},"32":{"loc":{"start":{"line":355,"column":2},"end":{"line":357,"column":3}},"type":"if","locations":[{"start":{"line":355,"column":2},"end":{"line":357,"column":3}}]},"33":{"loc":{"start":{"line":355,"column":6},"end":{"line":355,"column":56}},"type":"binary-expr","locations":[{"start":{"line":355,"column":6},"end":{"line":355,"column":20}},{"start":{"line":355,"column":24},"end":{"line":355,"column":56}}]},"34":{"loc":{"start":{"line":368,"column":2},"end":{"line":370,"column":3}},"type":"if","locations":[{"start":{"line":368,"column":2},"end":{"line":370,"column":3}}]},"35":{"loc":{"start":{"line":372,"column":2},"end":{"line":374,"column":3}},"type":"if","locations":[{"start":{"line":372,"column":2},"end":{"line":374,"column":3}}]},"36":{"loc":{"start":{"line":376,"column":2},"end":{"line":382,"column":3}},"type":"if","locations":[{"start":{"line":376,"column":2},"end":{"line":382,"column":3}}]},"37":{"loc":{"start":{"line":377,"column":4},"end":{"line":381,"column":5}},"type":"if","locations":[{"start":{"line":377,"column":4},"end":{"line":381,"column":5}},{"start":{"line":379,"column":11},"end":{"line":381,"column":5}}]},"38":{"loc":{"start":{"line":377,"column":8},"end":{"line":377,"column":52}},"type":"binary-expr","locations":[{"start":{"line":377,"column":8},"end":{"line":377,"column":23}},{"start":{"line":377,"column":27},"end":{"line":377,"column":52}}]},"39":{"loc":{"start":{"line":379,"column":11},"end":{"line":381,"column":5}},"type":"if","locations":[{"start":{"line":379,"column":11},"end":{"line":381,"column":5}}]},"40":{"loc":{"start":{"line":384,"column":2},"end":{"line":386,"column":3}},"type":"if","locations":[{"start":{"line":384,"column":2},"end":{"line":386,"column":3}}]},"41":{"loc":{"start":{"line":388,"column":2},"end":{"line":390,"column":3}},"type":"if","locations":[{"start":{"line":388,"column":2},"end":{"line":390,"column":3}}]},"42":{"loc":{"start":{"line":392,"column":2},"end":{"line":394,"column":3}},"type":"if","locations":[{"start":{"line":392,"column":2},"end":{"line":394,"column":3}}]},"43":{"loc":{"start":{"line":396,"column":2},"end":{"line":398,"column":3}},"type":"if","locations":[{"start":{"line":396,"column":2},"end":{"line":398,"column":3}}]},"44":{"loc":{"start":{"line":400,"column":2},"end":{"line":402,"column":3}},"type":"if","locations":[{"start":{"line":400,"column":2},"end":{"line":402,"column":3}}]},"45":{"loc":{"start":{"line":404,"column":2},"end":{"line":406,"column":3}},"type":"if","locations":[{"start":{"line":404,"column":2},"end":{"line":406,"column":3}}]},"46":{"loc":{"start":{"line":412,"column":2},"end":{"line":414,"column":3}},"type":"if","locations":[{"start":{"line":412,"column":2},"end":{"line":414,"column":3}}]},"47":{"loc":{"start":{"line":418,"column":2},"end":{"line":420,"column":3}},"type":"if","locations":[{"start":{"line":418,"column":2},"end":{"line":420,"column":3}}]},"48":{"loc":{"start":{"line":422,"column":2},"end":{"line":424,"column":3}},"type":"if","locations":[{"start":{"line":422,"column":2},"end":{"line":424,"column":3}}]},"49":{"loc":{"start":{"line":422,"column":6},"end":{"line":422,"column":70}},"type":"binary-expr","locations":[{"start":{"line":422,"column":6},"end":{"line":422,"column":38}},{"start":{"line":422,"column":42},"end":{"line":422,"column":70}}]},"50":{"loc":{"start":{"line":430,"column":2},"end":{"line":432,"column":3}},"type":"if","locations":[{"start":{"line":430,"column":2},"end":{"line":432,"column":3}}]},"51":{"loc":{"start":{"line":436,"column":2},"end":{"line":438,"column":3}},"type":"if","locations":[{"start":{"line":436,"column":2},"end":{"line":438,"column":3}}]},"52":{"loc":{"start":{"line":440,"column":2},"end":{"line":442,"column":3}},"type":"if","locations":[{"start":{"line":440,"column":2},"end":{"line":442,"column":3}}]},"53":{"loc":{"start":{"line":440,"column":6},"end":{"line":440,"column":70}},"type":"binary-expr","locations":[{"start":{"line":440,"column":6},"end":{"line":440,"column":38}},{"start":{"line":440,"column":42},"end":{"line":440,"column":70}}]},"54":{"loc":{"start":{"line":444,"column":2},"end":{"line":446,"column":3}},"type":"if","locations":[{"start":{"line":444,"column":2},"end":{"line":446,"column":3}}]},"55":{"loc":{"start":{"line":444,"column":6},"end":{"line":444,"column":56}},"type":"binary-expr","locations":[{"start":{"line":444,"column":6},"end":{"line":444,"column":20}},{"start":{"line":444,"column":24},"end":{"line":444,"column":56}}]},"56":{"loc":{"start":{"line":462,"column":13},"end":{"line":462,"column":74}},"type":"binary-expr","locations":[{"start":{"line":462,"column":13},"end":{"line":462,"column":34}},{"start":{"line":462,"column":38},"end":{"line":462,"column":61}},{"start":{"line":462,"column":65},"end":{"line":462,"column":74}}]},"57":{"loc":{"start":{"line":585,"column":6},"end":{"line":587,"column":7}},"type":"if","locations":[{"start":{"line":585,"column":6},"end":{"line":587,"column":7}}]},"58":{"loc":{"start":{"line":585,"column":10},"end":{"line":585,"column":46}},"type":"binary-expr","locations":[{"start":{"line":585,"column":10},"end":{"line":585,"column":34}},{"start":{"line":585,"column":38},"end":{"line":585,"column":46}}]},"59":{"loc":{"start":{"line":589,"column":22},"end":{"line":589,"column":44}},"type":"binary-expr","locations":[{"start":{"line":589,"column":22},"end":{"line":589,"column":38}},{"start":{"line":589,"column":42},"end":{"line":589,"column":44}}]},"60":{"loc":{"start":{"line":591,"column":6},"end":{"line":593,"column":7}},"type":"if","locations":[{"start":{"line":591,"column":6},"end":{"line":593,"column":7}}]},"61":{"loc":{"start":{"line":591,"column":10},"end":{"line":591,"column":78}},"type":"binary-expr","locations":[{"start":{"line":591,"column":10},"end":{"line":591,"column":43}},{"start":{"line":591,"column":47},"end":{"line":591,"column":78}}]}},"s":{"0":1,"1":1,"2":1,"3":1,"4":1,"5":1,"6":1,"7":1,"8":0,"9":0,"10":0,"11":0,"12":0,"13":0,"14":0,"15":0,"16":0,"17":0,"18":0,"19":0,"20":0,"21":0,"22":0,"23":1,"24":0,"25":0,"26":0,"27":0,"28":0,"29":0,"30":1,"31":0,"32":0,"33":0,"34":0,"35":0,"36":1,"37":0,"38":0,"39":0,"40":1,"41":0,"42":0,"43":0,"44":1,"45":0,"46":0,"47":0,"48":0,"49":0,"50":0,"51":1,"52":0,"53":0,"54":0,"55":1,"56":0,"57":0,"58":0,"59":0,"60":1,"61":0,"62":0,"63":0,"64":0,"65":0,"66":0,"67":1,"68":0,"69":0,"70":0,"71":0,"72":0,"73":0,"74":0,"75":0,"76":0,"77":0,"78":0,"79":0,"80":0,"81":0,"82":0,"83":0,"84":1,"85":0,"86":0,"87":0,"88":0,"89":0,"90":0,"91":0,"92":0,"93":0,"94":0,"95":0,"96":0,"97":0,"98":0,"99":0,"100":0,"101":0,"102":0,"103":0,"104":0,"105":0,"106":0,"107":0,"108":1,"109":0,"110":0,"111":0,"112":0,"113":0,"114":0,"115":0,"116":0,"117":1,"118":0,"119":0,"120":0,"121":0,"122":0,"123":0,"124":0,"125":0,"126":0,"127":0,"128":0,"129":0,"130":0,"131":0,"132":0,"133":0,"134":0,"135":0,"136":0,"137":0,"138":0,"139":0,"140":0,"141":0,"142":0,"143":0,"144":0,"145":0,"146":0,"147":0,"148":0,"149":0,"150":0,"151":0,"152":0,"153":0,"154":0,"155":0,"156":0,"157":0,"158":0,"159":0,"160":0,"161":0,"162":0,"163":0,"164":0,"165":0,"166":0,"167":0,"168":0,"169":0,"170":0,"171":0,"172":0,"173":0,"174":0,"175":0,"176":0,"177":0,"178":0,"179":1},"f":{"0":0,"1":0,"2":0,"3":0,"4":0,"5":0,"6":0,"7":0,"8":0,"9":0,"10":0,"11":0,"12":0,"13":0,"14":0,"15":0,"16":0,"17":0,"18":0,"19":0,"20":0,"21":0,"22":0,"23":0,"24":0,"25":0,"26":0},"b":{"0":[0],"1":[0,0,0,0,0,0],"2":[0,0,0,0,0,0],"3":[0,0,0,0,0,0],"4":[0],"5":[0],"6":[0,0],"7":[0],"8":[0,0],"9":[0,0],"10":[0,0],"11":[0,0],"12":[0,0,0],"13":[0,0,0],"14":[0,0],"15":[0,0],"16":[0,0,0],"17":[0,0],"18":[0,0],"19":[0,0],"20":[0,0,0,0],"21":[0,0,0,0],"22":[0,0],"23":[0,0],"24":[0,0],"25":[0],"26":[0],"27":[0],"28":[0],"29":[0,0],"30":[0],"31":[0],"32":[0],"33":[0,0],"34":[0],"35":[0],"36":[0],"37":[0,0],"38":[0,0],"39":[0],"40":[0],"41":[0],"42":[0],"43":[0],"44":[0],"45":[0],"46":[0],"47":[0],"48":[0],"49":[0,0],"50":[0],"51":[0],"52":[0],"53":[0,0],"54":[0],"55":[0,0],"56":[0,0,0],"57":[0],"58":[0,0],"59":[0,0],"60":[0],"61":[0,0]}}
,"/workspace/src/connectors/implementations/QBittorrentConnector.ts": {"path":"/workspace/src/connectors/implementations/QBittorrentConnector.ts","statementMap":{"0":{"start":{"line":4,"column":0},"end":{"line":4,"column":64}},"1":{"start":{"line":5,"column":0},"end":{"line":5,"column":53}},"2":{"start":{"line":10,"column":22},"end":{"line":10,"column":31}},"3":{"start":{"line":51,"column":46},"end":{"line":51,"column":50}},"4":{"start":{"line":54,"column":21},"end":{"line":54,"column":45}},"5":{"start":{"line":55,"column":4},"end":{"line":55,"column":45}},"6":{"start":{"line":60,"column":4},"end":{"line":90,"column":6}},"7":{"start":{"line":61,"column":20},"end":{"line":61,"column":28}},"8":{"start":{"line":63,"column":23},"end":{"line":63,"column":46}},"9":{"start":{"line":64,"column":32},"end":{"line":64,"column":87}},"10":{"start":{"line":65,"column":30},"end":{"line":65,"column":117}},"11":{"start":{"line":67,"column":8},"end":{"line":69,"column":9}},"12":{"start":{"line":68,"column":10},"end":{"line":68,"column":39}},"13":{"start":{"line":71,"column":8},"end":{"line":86,"column":9}},"14":{"start":{"line":72,"column":10},"end":{"line":74,"column":11}},"15":{"start":{"line":73,"column":12},"end":{"line":73,"column":41}},"16":{"start":{"line":76,"column":10},"end":{"line":76,"column":40}},"17":{"start":{"line":78,"column":10},"end":{"line":82,"column":11}},"18":{"start":{"line":79,"column":12},"end":{"line":79,"column":45}},"19":{"start":{"line":81,"column":12},"end":{"line":81,"column":45}},"20":{"start":{"line":85,"column":10},"end":{"line":85,"column":43}},"21":{"start":{"line":88,"column":8},"end":{"line":88,"column":37}},"22":{"start":{"line":92,"column":4},"end":{"line":92,"column":20}},"23":{"start":{"line":96,"column":4},"end":{"line":96,"column":61}},"24":{"start":{"line":97,"column":4},"end":{"line":97,"column":37}},"25":{"start":{"line":98,"column":4},"end":{"line":98,"column":70}},"26":{"start":{"line":102,"column":4},"end":{"line":102,"column":64}},"27":{"start":{"line":103,"column":4},"end":{"line":103,"column":37}},"28":{"start":{"line":105,"column":4},"end":{"line":124,"column":5}},"29":{"start":{"line":106,"column":6},"end":{"line":106,"column":124}},"30":{"start":{"line":107,"column":23},"end":{"line":110,"column":8}},"31":{"start":{"line":109,"column":38},"end":{"line":109,"column":43}},"32":{"start":{"line":112,"column":22},"end":{"line":112,"column":90}},"33":{"start":{"line":113,"column":27},"end":{"line":113,"column":78}},"34":{"start":{"line":114,"column":6},"end":{"line":114,"column":80}},"35":{"start":{"line":115,"column":6},"end":{"line":115,"column":26}},"36":{"start":{"line":117,"column":6},"end":{"line":117,"column":80}},"37":{"start":{"line":118,"column":6},"end":{"line":123,"column":9}},"38":{"start":{"line":128,"column":4},"end":{"line":162,"column":5}},"39":{"start":{"line":129,"column":6},"end":{"line":129,"column":39}},"40":{"start":{"line":132,"column":23},"end":{"line":135,"column":8}},"41":{"start":{"line":134,"column":38},"end":{"line":134,"column":43}},"42":{"start":{"line":137,"column":22},"end":{"line":137,"column":90}},"43":{"start":{"line":139,"column":6},"end":{"line":147,"column":8}},"44":{"start":{"line":149,"column":25},"end":{"line":154,"column":8}},"45":{"start":{"line":156,"column":6},"end":{"line":161,"column":8}},"46":{"start":{"line":166,"column":4},"end":{"line":166,"column":37}},"47":{"start":{"line":168,"column":4},"end":{"line":185,"column":5}},"48":{"start":{"line":169,"column":23},"end":{"line":175,"column":8}},"49":{"start":{"line":177,"column":6},"end":{"line":177,"column":70}},"50":{"start":{"line":177,"column":44},"end":{"line":177,"column":68}},"51":{"start":{"line":179,"column":6},"end":{"line":184,"column":9}},"52":{"start":{"line":189,"column":4},"end":{"line":189,"column":37}},"53":{"start":{"line":191,"column":4},"end":{"line":200,"column":5}},"54":{"start":{"line":192,"column":6},"end":{"line":192,"column":79}},"55":{"start":{"line":194,"column":6},"end":{"line":199,"column":9}},"56":{"start":{"line":204,"column":4},"end":{"line":204,"column":37}},"57":{"start":{"line":206,"column":4},"end":{"line":215,"column":5}},"58":{"start":{"line":207,"column":6},"end":{"line":207,"column":80}},"59":{"start":{"line":209,"column":6},"end":{"line":214,"column":9}},"60":{"start":{"line":219,"column":4},"end":{"line":219,"column":37}},"61":{"start":{"line":221,"column":4},"end":{"line":233,"column":5}},"62":{"start":{"line":222,"column":6},"end":{"line":225,"column":9}},"63":{"start":{"line":227,"column":6},"end":{"line":232,"column":9}},"64":{"start":{"line":237,"column":4},"end":{"line":237,"column":37}},"65":{"start":{"line":239,"column":4},"end":{"line":248,"column":5}},"66":{"start":{"line":240,"column":6},"end":{"line":240,"column":81}},"67":{"start":{"line":242,"column":6},"end":{"line":247,"column":9}},"68":{"start":{"line":252,"column":4},"end":{"line":252,"column":37}},"69":{"start":{"line":254,"column":4},"end":{"line":264,"column":5}},"70":{"start":{"line":255,"column":23},"end":{"line":255,"column":103}},"71":{"start":{"line":256,"column":6},"end":{"line":256,"column":49}},"72":{"start":{"line":258,"column":6},"end":{"line":263,"column":9}},"73":{"start":{"line":269,"column":4},"end":{"line":269,"column":20}},"74":{"start":{"line":274,"column":4},"end":{"line":301,"column":6}},"75":{"start":{"line":305,"column":4},"end":{"line":310,"column":6}},"76":{"start":{"line":314,"column":23},"end":{"line":314,"column":44}},"77":{"start":{"line":316,"column":4},"end":{"line":338,"column":5}},"78":{"start":{"line":337,"column":6},"end":{"line":337,"column":24}},"79":{"start":{"line":340,"column":4},"end":{"line":340,"column":21}},"80":{"start":{"line":344,"column":4},"end":{"line":346,"column":5}},"81":{"start":{"line":345,"column":6},"end":{"line":345,"column":23}},"82":{"start":{"line":348,"column":18},"end":{"line":351,"column":42}},"83":{"start":{"line":350,"column":22},"end":{"line":350,"column":34}},"84":{"start":{"line":351,"column":25},"end":{"line":351,"column":41}},"85":{"start":{"line":353,"column":4},"end":{"line":353,"column":44}},"86":{"start":{"line":358,"column":17},"end":{"line":358,"column":45}},"87":{"start":{"line":360,"column":4},"end":{"line":364,"column":7}},"88":{"start":{"line":50,"column":0},"end":{"line":50,"column":13}}},"fnMap":{"0":{"name":"(anonymous_0)","decl":{"start":{"line":53,"column":21},"end":{"line":53,"column":37}},"loc":{"start":{"line":53,"column":37},"end":{"line":93,"column":3}}},"1":{"name":"(anonymous_1)","decl":{"start":{"line":61,"column":6},"end":{"line":61,"column":7}},"loc":{"start":{"line":61,"column":20},"end":{"line":61,"column":28}}},"2":{"name":"(anonymous_2)","decl":{"start":{"line":62,"column":6},"end":{"line":62,"column":11}},"loc":{"start":{"line":62,"column":22},"end":{"line":89,"column":7}}},"3":{"name":"(anonymous_3)","decl":{"start":{"line":95,"column":2},"end":{"line":95,"column":7}},"loc":{"start":{"line":95,"column":18},"end":{"line":99,"column":3}}},"4":{"name":"(anonymous_4)","decl":{"start":{"line":101,"column":2},"end":{"line":101,"column":7}},"loc":{"start":{"line":101,"column":18},"end":{"line":125,"column":3}}},"5":{"name":"(anonymous_5)","decl":{"start":{"line":109,"column":27},"end":{"line":109,"column":28}},"loc":{"start":{"line":109,"column":38},"end":{"line":109,"column":43}}},"6":{"name":"(anonymous_6)","decl":{"start":{"line":127,"column":11},"end":{"line":127,"column":16}},"loc":{"start":{"line":127,"column":26},"end":{"line":163,"column":3}}},"7":{"name":"(anonymous_7)","decl":{"start":{"line":134,"column":27},"end":{"line":134,"column":28}},"loc":{"start":{"line":134,"column":38},"end":{"line":134,"column":43}}},"8":{"name":"(anonymous_8)","decl":{"start":{"line":165,"column":2},"end":{"line":165,"column":7}},"loc":{"start":{"line":165,"column":82},"end":{"line":186,"column":3}}},"9":{"name":"(anonymous_9)","decl":{"start":{"line":177,"column":31},"end":{"line":177,"column":32}},"loc":{"start":{"line":177,"column":44},"end":{"line":177,"column":68}}},"10":{"name":"(anonymous_10)","decl":{"start":{"line":188,"column":2},"end":{"line":188,"column":7}},"loc":{"start":{"line":188,"column":33},"end":{"line":201,"column":3}}},"11":{"name":"(anonymous_11)","decl":{"start":{"line":203,"column":2},"end":{"line":203,"column":7}},"loc":{"start":{"line":203,"column":34},"end":{"line":216,"column":3}}},"12":{"name":"(anonymous_12)","decl":{"start":{"line":218,"column":2},"end":{"line":218,"column":7}},"loc":{"start":{"line":218,"column":55},"end":{"line":234,"column":3}}},"13":{"name":"(anonymous_13)","decl":{"start":{"line":236,"column":2},"end":{"line":236,"column":7}},"loc":{"start":{"line":236,"column":33},"end":{"line":249,"column":3}}},"14":{"name":"(anonymous_14)","decl":{"start":{"line":251,"column":2},"end":{"line":251,"column":7}},"loc":{"start":{"line":251,"column":23},"end":{"line":265,"column":3}}},"15":{"name":"(anonymous_15)","decl":{"start":{"line":267,"column":11},"end":{"line":267,"column":18}},"loc":{"start":{"line":267,"column":18},"end":{"line":270,"column":3}}},"16":{"name":"(anonymous_16)","decl":{"start":{"line":273,"column":10},"end":{"line":273,"column":20}},"loc":{"start":{"line":273,"column":44},"end":{"line":302,"column":3}}},"17":{"name":"(anonymous_17)","decl":{"start":{"line":304,"column":10},"end":{"line":304,"column":25}},"loc":{"start":{"line":304,"column":54},"end":{"line":311,"column":3}}},"18":{"name":"(anonymous_18)","decl":{"start":{"line":313,"column":10},"end":{"line":313,"column":24}},"loc":{"start":{"line":313,"column":38},"end":{"line":341,"column":3}}},"19":{"name":"(anonymous_19)","decl":{"start":{"line":343,"column":10},"end":{"line":343,"column":23}},"loc":{"start":{"line":343,"column":48},"end":{"line":354,"column":3}}},"20":{"name":"(anonymous_20)","decl":{"start":{"line":350,"column":11},"end":{"line":350,"column":12}},"loc":{"start":{"line":350,"column":22},"end":{"line":350,"column":34}}},"21":{"name":"(anonymous_21)","decl":{"start":{"line":351,"column":14},"end":{"line":351,"column":15}},"loc":{"start":{"line":351,"column":25},"end":{"line":351,"column":41}}},"22":{"name":"(anonymous_22)","decl":{"start":{"line":357,"column":10},"end":{"line":357,"column":15}},"loc":{"start":{"line":357,"column":69},"end":{"line":365,"column":3}}}},"branchMap":{"0":{"loc":{"start":{"line":65,"column":30},"end":{"line":65,"column":117}},"type":"binary-expr","locations":[{"start":{"line":65,"column":30},"end":{"line":65,"column":70}},{"start":{"line":65,"column":74},"end":{"line":65,"column":117}}]},"1":{"loc":{"start":{"line":67,"column":8},"end":{"line":69,"column":9}},"type":"if","locations":[{"start":{"line":67,"column":8},"end":{"line":69,"column":9}}]},"2":{"loc":{"start":{"line":67,"column":12},"end":{"line":67,"column":45}},"type":"binary-expr","locations":[{"start":{"line":67,"column":12},"end":{"line":67,"column":28}},{"start":{"line":67,"column":32},"end":{"line":67,"column":45}}]},"3":{"loc":{"start":{"line":71,"column":8},"end":{"line":86,"column":9}},"type":"if","locations":[{"start":{"line":71,"column":8},"end":{"line":86,"column":9}}]},"4":{"loc":{"start":{"line":71,"column":12},"end":{"line":71,"column":44}},"type":"binary-expr","locations":[{"start":{"line":71,"column":12},"end":{"line":71,"column":26}},{"start":{"line":71,"column":30},"end":{"line":71,"column":44}}]},"5":{"loc":{"start":{"line":72,"column":10},"end":{"line":74,"column":11}},"type":"if","locations":[{"start":{"line":72,"column":10},"end":{"line":74,"column":11}}]},"6":{"loc":{"start":{"line":112,"column":22},"end":{"line":112,"column":90}},"type":"cond-expr","locations":[{"start":{"line":112,"column":58},"end":{"line":112,"column":78}},{"start":{"line":112,"column":81},"end":{"line":112,"column":90}}]},"7":{"loc":{"start":{"line":113,"column":27},"end":{"line":113,"column":78}},"type":"cond-expr","locations":[{"start":{"line":113,"column":59},"end":{"line":113,"column":66}},{"start":{"line":113,"column":69},"end":{"line":113,"column":78}}]},"8":{"loc":{"start":{"line":113,"column":27},"end":{"line":113,"column":56}},"type":"binary-expr","locations":[{"start":{"line":113,"column":27},"end":{"line":113,"column":34}},{"start":{"line":113,"column":38},"end":{"line":113,"column":56}}]},"9":{"loc":{"start":{"line":137,"column":22},"end":{"line":137,"column":90}},"type":"cond-expr","locations":[{"start":{"line":137,"column":58},"end":{"line":137,"column":78}},{"start":{"line":137,"column":81},"end":{"line":137,"column":90}}]},"10":{"loc":{"start":{"line":144,"column":19},"end":{"line":144,"column":70}},"type":"cond-expr","locations":[{"start":{"line":144,"column":51},"end":{"line":144,"column":58}},{"start":{"line":144,"column":61},"end":{"line":144,"column":70}}]},"11":{"loc":{"start":{"line":144,"column":19},"end":{"line":144,"column":48}},"type":"binary-expr","locations":[{"start":{"line":144,"column":19},"end":{"line":144,"column":26}},{"start":{"line":144,"column":30},"end":{"line":144,"column":48}}]},"12":{"loc":{"start":{"line":157,"column":16},"end":{"line":157,"column":66}},"type":"cond-expr","locations":[{"start":{"line":157,"column":44},"end":{"line":157,"column":53}},{"start":{"line":157,"column":56},"end":{"line":157,"column":66}}]},"13":{"loc":{"start":{"line":218,"column":36},"end":{"line":218,"column":55}},"type":"default-arg","locations":[{"start":{"line":218,"column":50},"end":{"line":218,"column":55}}]},"14":{"loc":{"start":{"line":224,"column":21},"end":{"line":224,"column":51}},"type":"cond-expr","locations":[{"start":{"line":224,"column":35},"end":{"line":224,"column":41}},{"start":{"line":224,"column":44},"end":{"line":224,"column":51}}]},"15":{"loc":{"start":{"line":281,"column":12},"end":{"line":281,"column":43}},"type":"binary-expr","locations":[{"start":{"line":281,"column":12},"end":{"line":281,"column":26}},{"start":{"line":281,"column":30},"end":{"line":281,"column":38}},{"start":{"line":281,"column":42},"end":{"line":281,"column":43}}]},"16":{"loc":{"start":{"line":293,"column":19},"end":{"line":293,"column":37}},"type":"binary-expr","locations":[{"start":{"line":293,"column":19},"end":{"line":293,"column":32}},{"start":{"line":293,"column":36},"end":{"line":293,"column":37}}]},"17":{"loc":{"start":{"line":294,"column":15},"end":{"line":294,"column":36}},"type":"binary-expr","locations":[{"start":{"line":294,"column":15},"end":{"line":294,"column":31}},{"start":{"line":294,"column":35},"end":{"line":294,"column":36}}]},"18":{"loc":{"start":{"line":297,"column":19},"end":{"line":297,"column":38}},"type":"binary-expr","locations":[{"start":{"line":297,"column":19},"end":{"line":297,"column":33}},{"start":{"line":297,"column":37},"end":{"line":297,"column":38}}]},"19":{"loc":{"start":{"line":298,"column":15},"end":{"line":298,"column":38}},"type":"binary-expr","locations":[{"start":{"line":298,"column":15},"end":{"line":298,"column":33}},{"start":{"line":298,"column":37},"end":{"line":298,"column":38}}]},"20":{"loc":{"start":{"line":316,"column":4},"end":{"line":338,"column":5}},"type":"if","locations":[{"start":{"line":316,"column":4},"end":{"line":338,"column":5}}]},"21":{"loc":{"start":{"line":317,"column":6},"end":{"line":335,"column":29}},"type":"binary-expr","locations":[{"start":{"line":317,"column":6},"end":{"line":317,"column":28}},{"start":{"line":318,"column":6},"end":{"line":318,"column":35}},{"start":{"line":319,"column":6},"end":{"line":319,"column":32}},{"start":{"line":320,"column":6},"end":{"line":320,"column":32}},{"start":{"line":321,"column":6},"end":{"line":321,"column":31}},{"start":{"line":322,"column":6},"end":{"line":322,"column":31}},{"start":{"line":323,"column":6},"end":{"line":323,"column":33}},{"start":{"line":324,"column":6},"end":{"line":324,"column":41}},{"start":{"line":325,"column":6},"end":{"line":325,"column":31}},{"start":{"line":326,"column":6},"end":{"line":326,"column":33}},{"start":{"line":327,"column":6},"end":{"line":327,"column":34}},{"start":{"line":328,"column":6},"end":{"line":328,"column":29}},{"start":{"line":329,"column":6},"end":{"line":329,"column":32}},{"start":{"line":330,"column":6},"end":{"line":330,"column":33}},{"start":{"line":331,"column":6},"end":{"line":331,"column":31}},{"start":{"line":332,"column":6},"end":{"line":332,"column":31}},{"start":{"line":333,"column":6},"end":{"line":333,"column":31}},{"start":{"line":334,"column":6},"end":{"line":334,"column":35}},{"start":{"line":335,"column":6},"end":{"line":335,"column":29}}]},"22":{"loc":{"start":{"line":344,"column":4},"end":{"line":346,"column":5}},"type":"if","locations":[{"start":{"line":344,"column":4},"end":{"line":346,"column":5}}]},"23":{"loc":{"start":{"line":353,"column":11},"end":{"line":353,"column":43}},"type":"cond-expr","locations":[{"start":{"line":353,"column":26},"end":{"line":353,"column":31}},{"start":{"line":353,"column":34},"end":{"line":353,"column":43}}]}},"s":{"0":1,"1":1,"2":1,"3":3,"4":3,"5":3,"6":3,"7":0,"8":0,"9":0,"10":0,"11":0,"12":0,"13":0,"14":0,"15":0,"16":0,"17":0,"18":0,"19":0,"20":0,"21":0,"22":3,"23":0,"24":0,"25":0,"26":0,"27":0,"28":0,"29":0,"30":0,"31":0,"32":0,"33":0,"34":0,"35":0,"36":0,"37":0,"38":0,"39":0,"40":0,"41":0,"42":0,"43":0,"44":0,"45":0,"46":0,"47":0,"48":0,"49":0,"50":0,"51":0,"52":0,"53":0,"54":0,"55":0,"56":0,"57":0,"58":0,"59":0,"60":0,"61":0,"62":0,"63":0,"64":0,"65":0,"66":0,"67":0,"68":0,"69":0,"70":0,"71":0,"72":0,"73":0,"74":0,"75":0,"76":0,"77":0,"78":0,"79":0,"80":0,"81":0,"82":0,"83":0,"84":0,"85":0,"86":0,"87":0,"88":1},"f":{"0":3,"1":0,"2":0,"3":0,"4":0,"5":0,"6":0,"7":0,"8":0,"9":0,"10":0,"11":0,"12":0,"13":0,"14":0,"15":0,"16":0,"17":0,"18":0,"19":0,"20":0,"21":0,"22":0},"b":{"0":[0,0],"1":[0],"2":[0,0],"3":[0],"4":[0,0],"5":[0],"6":[0,0],"7":[0,0],"8":[0,0],"9":[0,0],"10":[0,0],"11":[0,0],"12":[0,0],"13":[0],"14":[0,0],"15":[0,0,0],"16":[0,0],"17":[0,0],"18":[0,0],"19":[0,0],"20":[0],"21":[0,0,0,0,0,0,0,0,0,0,0,0,0,0,0,0,0,0,0],"22":[0],"23":[0,0]}}
,"/workspace/src/models/logger.types.ts": {"path":"/workspace/src/models/logger.types.ts","statementMap":{"0":{"start":{"line":1,"column":0},"end":{"line":1,"column":null}},"1":{"start":{"line":2,"column":2},"end":{"line":2,"column":null}},"2":{"start":{"line":3,"column":2},"end":{"line":3,"column":null}},"3":{"start":{"line":4,"column":2},"end":{"line":4,"column":null}},"4":{"start":{"line":5,"column":2},"end":{"line":5,"column":null}}},"fnMap":{"0":{"name":"(anonymous_0)","decl":{"start":{"line":1,"column":0},"end":{"line":1,"column":12}},"loc":{"start":{"line":1,"column":20},"end":{"line":6,"column":1}}}},"branchMap":{"0":{"loc":{"start":{"line":1,"column":12},"end":{"line":1,"column":null}},"type":"binary-expr","locations":[{"start":{"line":1,"column":12},"end":{"line":1,"column":20}},{"start":{"line":1,"column":20},"end":{"line":1,"column":null}}]}},"s":{"0":1,"1":1,"2":1,"3":1,"4":1},"f":{"0":1},"b":{"0":[1,1]}}
,"/workspace/src/services/auth/AuthManager.ts": {"path":"/workspace/src/services/auth/AuthManager.ts","statementMap":{"0":{"start":{"line":1,"column":0},"end":{"line":1,"column":57}},"1":{"start":{"line":8,"column":22},"end":{"line":8,"column":54}},"2":{"start":{"line":9,"column":21},"end":{"line":9,"column":51}},"3":{"start":{"line":12,"column":4},"end":{"line":12,"column":46}},"4":{"start":{"line":13,"column":4},"end":{"line":16,"column":7}},"5":{"start":{"line":20,"column":4},"end":{"line":20,"column":43}},"6":{"start":{"line":24,"column":21},"end":{"line":24,"column":50}},"7":{"start":{"line":26,"column":4},"end":{"line":37,"column":5}},"8":{"start":{"line":27,"column":20},"end":{"line":27,"column":87}},"9":{"start":{"line":28,"column":6},"end":{"line":31,"column":9}},"10":{"start":{"line":32,"column":6},"end":{"line":36,"column":8}},"11":{"start":{"line":39,"column":4},"end":{"line":90,"column":5}},"12":{"start":{"line":40,"column":6},"end":{"line":44,"column":9}},"13":{"start":{"line":46,"column":21},"end":{"line":46,"column":56}},"14":{"start":{"line":48,"column":6},"end":{"line":73,"column":7}},"15":{"start":{"line":49,"column":37},"end":{"line":56,"column":10}},"16":{"start":{"line":58,"column":8},"end":{"line":58,"column":48}},"17":{"start":{"line":60,"column":8},"end":{"line":66,"column":11}},"18":{"start":{"line":68,"column":8},"end":{"line":72,"column":11}},"19":{"start":{"line":75,"column":6},"end":{"line":75,"column":20}},"20":{"start":{"line":77,"column":27},"end":{"line":77,"column":98}},"21":{"start":{"line":79,"column":6},"end":{"line":83,"column":9}},"22":{"start":{"line":85,"column":6},"end":{"line":89,"column":8}},"23":{"start":{"line":94,"column":4},"end":{"line":94,"column":40}},"24":{"start":{"line":98,"column":4},"end":{"line":98,"column":42}},"25":{"start":{"line":99,"column":4},"end":{"line":103,"column":7}},"26":{"start":{"line":107,"column":4},"end":{"line":107,"column":36}},"27":{"start":{"line":108,"column":4},"end":{"line":108,"column":57}},"28":{"start":{"line":112,"column":20},"end":{"line":112,"column":46}},"29":{"start":{"line":113,"column":21},"end":{"line":113,"column":48}},"30":{"start":{"line":115,"column":4},"end":{"line":117,"column":5}},"31":{"start":{"line":116,"column":6},"end":{"line":116,"column":16}},"32":{"start":{"line":119,"column":4},"end":{"line":119,"column":44}},"33":{"start":{"line":126,"column":20},"end":{"line":126,"column":46}},"34":{"start":{"line":127,"column":4},"end":{"line":129,"column":5}},"35":{"start":{"line":128,"column":6},"end":{"line":128,"column":19}},"36":{"start":{"line":131,"column":4},"end":{"line":133,"column":5}},"37":{"start":{"line":132,"column":6},"end":{"line":132,"column":18}},"38":{"start":{"line":135,"column":4},"end":{"line":135,"column":17}},"39":{"start":{"line":142,"column":21},"end":{"line":142,"column":48}},"40":{"start":{"line":143,"column":20},"end":{"line":143,"column":46}},"41":{"start":{"line":145,"column":4},"end":{"line":151,"column":5}},"42":{"start":{"line":146,"column":6},"end":{"line":150,"column":8}},"43":{"start":{"line":153,"column":4},"end":{"line":190,"column":5}},"44":{"start":{"line":154,"column":21},"end":{"line":154,"column":60}},"45":{"start":{"line":156,"column":6},"end":{"line":174,"column":7}},"46":{"start":{"line":157,"column":44},"end":{"line":164,"column":10}},"47":{"start":{"line":166,"column":8},"end":{"line":166,"column":54}},"48":{"start":{"line":169,"column":44},"end":{"line":172,"column":10}},"49":{"start":{"line":173,"column":8},"end":{"line":173,"column":54}},"50":{"start":{"line":176,"column":6},"end":{"line":176,"column":20}},"51":{"start":{"line":178,"column":27},"end":{"line":178,"column":91}},"52":{"start":{"line":180,"column":6},"end":{"line":183,"column":9}},"53":{"start":{"line":185,"column":6},"end":{"line":189,"column":8}},"54":{"start":{"line":7,"column":0},"end":{"line":7,"column":13}},"55":{"start":{"line":195,"column":13},"end":{"line":195,"column":45}}},"fnMap":{"0":{"name":"(anonymous_0)","decl":{"start":{"line":11,"column":2},"end":{"line":11,"column":18}},"loc":{"start":{"line":11,"column":63},"end":{"line":17,"column":3}}},"1":{"name":"(anonymous_1)","decl":{"start":{"line":19,"column":2},"end":{"line":19,"column":13}},"loc":{"start":{"line":19,"column":33},"end":{"line":21,"column":3}}},"2":{"name":"(anonymous_2)","decl":{"start":{"line":23,"column":2},"end":{"line":23,"column":7}},"loc":{"start":{"line":23,"column":60},"end":{"line":91,"column":3}}},"3":{"name":"(anonymous_3)","decl":{"start":{"line":93,"column":2},"end":{"line":93,"column":12}},"loc":{"start":{"line":93,"column":30},"end":{"line":95,"column":3}}},"4":{"name":"(anonymous_4)","decl":{"start":{"line":97,"column":2},"end":{"line":97,"column":15}},"loc":{"start":{"line":97,"column":55},"end":{"line":104,"column":3}}},"5":{"name":"(anonymous_5)","decl":{"start":{"line":106,"column":2},"end":{"line":106,"column":14}},"loc":{"start":{"line":106,"column":32},"end":{"line":109,"column":3}}},"6":{"name":"(anonymous_6)","decl":{"start":{"line":111,"column":2},"end":{"line":111,"column":16}},"loc":{"start":{"line":111,"column":34},"end":{"line":120,"column":3}}},"7":{"name":"(anonymous_7)","decl":{"start":{"line":125,"column":2},"end":{"line":125,"column":14}},"loc":{"start":{"line":125,"column":32},"end":{"line":136,"column":3}}},"8":{"name":"(anonymous_8)","decl":{"start":{"line":141,"column":2},"end":{"line":141,"column":7}},"loc":{"start":{"line":141,"column":67},"end":{"line":191,"column":3}}}},"branchMap":{"0":{"loc":{"start":{"line":26,"column":4},"end":{"line":37,"column":5}},"type":"if","locations":[{"start":{"line":26,"column":4},"end":{"line":37,"column":5}}]},"1":{"loc":{"start":{"line":43,"column":32},"end":{"line":43,"column":116}},"type":"binary-expr","locations":[{"start":{"line":43,"column":32},"end":{"line":43,"column":59}},{"start":{"line":43,"column":63},"end":{"line":43,"column":88}},{"start":{"line":43,"column":92},"end":{"line":43,"column":116}}]},"2":{"loc":{"start":{"line":48,"column":6},"end":{"line":73,"column":7}},"type":"if","locations":[{"start":{"line":48,"column":6},"end":{"line":73,"column":7}},{"start":{"line":67,"column":13},"end":{"line":73,"column":7}}]},"3":{"loc":{"start":{"line":48,"column":10},"end":{"line":48,"column":48}},"type":"binary-expr","locations":[{"start":{"line":48,"column":10},"end":{"line":48,"column":24}},{"start":{"line":48,"column":28},"end":{"line":48,"column":48}}]},"4":{"loc":{"start":{"line":77,"column":27},"end":{"line":77,"column":98}},"type":"cond-expr","locations":[{"start":{"line":77,"column":52},"end":{"line":77,"column":65}},{"start":{"line":77,"column":68},"end":{"line":77,"column":98}}]},"5":{"loc":{"start":{"line":115,"column":4},"end":{"line":117,"column":5}},"type":"if","locations":[{"start":{"line":115,"column":4},"end":{"line":117,"column":5}}]},"6":{"loc":{"start":{"line":115,"column":8},"end":{"line":115,"column":57}},"type":"binary-expr","locations":[{"start":{"line":115,"column":8},"end":{"line":115,"column":16}},{"start":{"line":115,"column":20},"end":{"line":115,"column":44}},{"start":{"line":115,"column":48},"end":{"line":115,"column":57}}]},"7":{"loc":{"start":{"line":127,"column":4},"end":{"line":129,"column":5}},"type":"if","locations":[{"start":{"line":127,"column":4},"end":{"line":129,"column":5}}]},"8":{"loc":{"start":{"line":127,"column":8},"end":{"line":127,"column":44}},"type":"binary-expr","locations":[{"start":{"line":127,"column":8},"end":{"line":127,"column":16}},{"start":{"line":127,"column":20},"end":{"line":127,"column":44}}]},"9":{"loc":{"start":{"line":131,"column":4},"end":{"line":133,"column":5}},"type":"if","locations":[{"start":{"line":131,"column":4},"end":{"line":133,"column":5}}]},"10":{"loc":{"start":{"line":131,"column":8},"end":{"line":131,"column":60}},"type":"binary-expr","locations":[{"start":{"line":131,"column":8},"end":{"line":131,"column":25}},{"start":{"line":131,"column":29},"end":{"line":131,"column":60}}]},"11":{"loc":{"start":{"line":145,"column":4},"end":{"line":151,"column":5}},"type":"if","locations":[{"start":{"line":145,"column":4},"end":{"line":151,"column":5}}]},"12":{"loc":{"start":{"line":145,"column":8},"end":{"line":145,"column":50}},"type":"binary-expr","locations":[{"start":{"line":145,"column":8},"end":{"line":145,"column":17}},{"start":{"line":145,"column":21},"end":{"line":145,"column":29}},{"start":{"line":145,"column":33},"end":{"line":145,"column":50}}]},"13":{"loc":{"start":{"line":156,"column":6},"end":{"line":174,"column":7}},"type":"if","locations":[{"start":{"line":156,"column":6},"end":{"line":174,"column":7}},{"start":{"line":167,"column":13},"end":{"line":174,"column":7}}]},"14":{"loc":{"start":{"line":156,"column":10},"end":{"line":156,"column":48}},"type":"binary-expr","locations":[{"start":{"line":156,"column":10},"end":{"line":156,"column":24}},{"start":{"line":156,"column":28},"end":{"line":156,"column":48}}]},"15":{"loc":{"start":{"line":159,"column":17},"end":{"line":159,"column":46}},"type":"binary-expr","locations":[{"start":{"line":159,"column":17},"end":{"line":159,"column":29}},{"start":{"line":159,"column":33},"end":{"line":159,"column":46}}]},"16":{"loc":{"start":{"line":160,"column":24},"end":{"line":160,"column":67}},"type":"binary-expr","locations":[{"start":{"line":160,"column":24},"end":{"line":160,"column":43}},{"start":{"line":160,"column":47},"end":{"line":160,"column":67}}]},"17":{"loc":{"start":{"line":161,"column":21},"end":{"line":161,"column":58}},"type":"binary-expr","locations":[{"start":{"line":161,"column":21},"end":{"line":161,"column":37}},{"start":{"line":161,"column":41},"end":{"line":161,"column":58}}]},"18":{"loc":{"start":{"line":178,"column":27},"end":{"line":178,"column":91}},"type":"cond-expr","locations":[{"start":{"line":178,"column":52},"end":{"line":178,"column":65}},{"start":{"line":178,"column":68},"end":{"line":178,"column":91}}]}},"s":{"0":2,"1":2,"2":2,"3":10,"4":10,"5":30,"6":1,"7":1,"8":0,"9":0,"10":0,"11":1,"12":1,"13":1,"14":1,"15":0,"16":0,"17":0,"18":1,"19":1,"20":0,"21":0,"22":0,"23":0,"24":0,"25":0,"26":0,"27":0,"28":0,"29":0,"30":0,"31":0,"32":0,"33":0,"34":0,"35":0,"36":0,"37":0,"38":0,"39":0,"40":0,"41":0,"42":0,"43":0,"44":0,"45":0,"46":0,"47":0,"48":0,"49":0,"50":0,"51":0,"52":0,"53":0,"54":2,"55":2},"f":{"0":10,"1":30,"2":1,"3":0,"4":0,"5":0,"6":0,"7":0,"8":0},"b":{"0":[0],"1":[1,0,0],"2":[0,1],"3":[1,0],"4":[0,0],"5":[0],"6":[0,0,0],"7":[0],"8":[0,0],"9":[0],"10":[0,0],"11":[0],"12":[0,0,0],"13":[0,0],"14":[0,0],"15":[0,0],"16":[0,0],"17":[0,0],"18":[0,0]}}
,"/workspace/src/services/auth/AuthProviderFactory.ts": {"path":"/workspace/src/services/auth/AuthProviderFactory.ts","statementMap":{"0":{"start":{"line":1,"column":0},"end":{"line":1,"column":44}},"1":{"start":{"line":2,"column":0},"end":{"line":2,"column":68}},"2":{"start":{"line":3,"column":0},"end":{"line":3,"column":66}},"3":{"start":{"line":4,"column":0},"end":{"line":4,"column":70}},"4":{"start":{"line":11,"column":31},"end":{"line":11,"column":36}},"5":{"start":{"line":17,"column":4},"end":{"line":19,"column":5}},"6":{"start":{"line":18,"column":6},"end":{"line":18,"column":13}},"7":{"start":{"line":22,"column":4},"end":{"line":22,"column":69}},"8":{"start":{"line":23,"column":4},"end":{"line":23,"column":69}},"9":{"start":{"line":24,"column":4},"end":{"line":24,"column":72}},"10":{"start":{"line":25,"column":4},"end":{"line":25,"column":75}},"11":{"start":{"line":26,"column":4},"end":{"line":26,"column":71}},"12":{"start":{"line":28,"column":4},"end":{"line":28,"column":28}},"13":{"start":{"line":35,"column":21},"end":{"line":35,"column":57}},"14":{"start":{"line":36,"column":4},"end":{"line":36,"column":47}},"15":{"start":{"line":43,"column":19},"end":{"line":43,"column":50}},"16":{"start":{"line":44,"column":4},"end":{"line":44,"column":29}},"17":{"start":{"line":51,"column":19},"end":{"line":51,"column":50}},"18":{"start":{"line":53,"column":4},"end":{"line":63,"column":5}},"19":{"start":{"line":55,"column":8},"end":{"line":55,"column":26}},"20":{"start":{"line":58,"column":8},"end":{"line":58,"column":40}},"21":{"start":{"line":60,"column":8},"end":{"line":60,"column":25}},"22":{"start":{"line":62,"column":8},"end":{"line":62,"column":18}},"23":{"start":{"line":10,"column":0},"end":{"line":10,"column":13}},"24":{"start":{"line":68,"column":0},"end":{"line":68,"column":33}}},"fnMap":{"0":{"name":"(anonymous_0)","decl":{"start":{"line":16,"column":2},"end":{"line":16,"column":8}},"loc":{"start":{"line":16,"column":19},"end":{"line":29,"column":3}}},"1":{"name":"(anonymous_1)","decl":{"start":{"line":34,"column":2},"end":{"line":34,"column":8}},"loc":{"start":{"line":34,"column":47},"end":{"line":37,"column":3}}},"2":{"name":"(anonymous_2)","decl":{"start":{"line":42,"column":2},"end":{"line":42,"column":8}},"loc":{"start":{"line":42,"column":46},"end":{"line":45,"column":3}}},"3":{"name":"(anonymous_3)","decl":{"start":{"line":50,"column":2},"end":{"line":50,"column":8}},"loc":{"start":{"line":50,"column":56},"end":{"line":64,"column":3}}}},"branchMap":{"0":{"loc":{"start":{"line":17,"column":4},"end":{"line":19,"column":5}},"type":"if","locations":[{"start":{"line":17,"column":4},"end":{"line":19,"column":5}}]},"1":{"loc":{"start":{"line":36,"column":11},"end":{"line":36,"column":46}},"type":"binary-expr","locations":[{"start":{"line":36,"column":11},"end":{"line":36,"column":36}},{"start":{"line":36,"column":40},"end":{"line":36,"column":46}}]},"2":{"loc":{"start":{"line":53,"column":4},"end":{"line":63,"column":5}},"type":"switch","locations":[{"start":{"line":54,"column":6},"end":{"line":55,"column":26}},{"start":{"line":56,"column":6},"end":{"line":56,"column":19}},{"start":{"line":57,"column":6},"end":{"line":58,"column":40}},{"start":{"line":59,"column":6},"end":{"line":60,"column":25}},{"start":{"line":61,"column":6},"end":{"line":62,"column":18}}]}},"s":{"0":2,"1":2,"2":2,"3":2,"4":2,"5":3,"6":1,"7":2,"8":2,"9":2,"1
[...]
":58,"column":41}},"10":{"start":{"line":60,"column":4},"end":{"line":62,"column":5}},"11":{"start":{"line":61,"column":7},"end":{"line":61,"column":58}},"12":{"start":{"line":39,"column":0},"end":{"line":39,"column":13}},"13":{"start":{"line":66,"column":26},"end":{"line":66,"column":90}},"14":{"start":{"line":66,"column":65},"end":{"line":66,"column":90}},"15":{"start":{"line":66,"column":13},"end":{"line":66,"column":26}},"16":{"start":{"line":68,"column":25},"end":{"line":74,"column":1}},"17":{"start":{"line":69,"column":2},"end":{"line":71,"column":3}},"18":{"start":{"line":70,"column":4},"end":{"line":70,"column":20}},"19":{"start":{"line":73,"column":2},"end":{"line":73,"column":50}},"20":{"start":{"line":76,"column":28},"end":{"line":86,"column":1}},"21":{"start":{"line":77,"column":2},"end":{"line":79,"column":3}},"22":{"start":{"line":78,"column":4},"end":{"line":78,"column":16}},"23":{"start":{"line":81,"column":2},"end":{"line":83,"column":3}},"24":{"start":{"line":82,"column":4},"end":{"line":82,"column":16}},"25":{"start":{"line":85,"column":2},"end":{"line":85,"column":15}},"26":{"start":{"line":88,"column":28},"end":{"line":111,"column":1}},"27":{"start":{"line":89,"column":43},"end":{"line":92,"column":4}},"28":{"start":{"line":94,"column":2},"end":{"line":104,"column":3}},"29":{"start":{"line":95,"column":17},"end":{"line":95,"column":63}},"30":{"start":{"line":96,"column":20},"end":{"line":96,"column":79}},"31":{"start":{"line":97,"column":17},"end":{"line":97,"column":70}},"32":{"start":{"line":98,"column":4},"end":{"line":100,"column":5}},"33":{"start":{"line":99,"column":6},"end":{"line":99,"column":40}},"34":{"start":{"line":101,"column":4},"end":{"line":103,"column":5}},"35":{"start":{"line":102,"column":6},"end":{"line":102,"column":34}},"36":{"start":{"line":106,"column":2},"end":{"line":108,"column":3}},"37":{"start":{"line":107,"column":4},"end":{"line":107,"column":30}},"38":{"start":{"line":110,"column":2},"end":{"line":110,"column":17}},"39":{"start":{"line":113,"column":21},"end":{"line":128,"column":1}},"40":{"start":{"line":117,"column":2},"end":{"line":119,"column":3}},"41":{"start":{"line":118,"column":4},"end":{"line":118,"column":19}},"42":{"start":{"line":121,"column":2},"end":{"line":127,"column":4}},"43":{"start":{"line":130,"column":30},"end":{"line":175,"column":1}},"44":{"start":{"line":135,"column":2},"end":{"line":138,"column":3}},"45":{"start":{"line":136,"column":4},"end":{"line":136,"column":57}},"46":{"start":{"line":137,"column":4},"end":{"line":137,"column":17}},"47":{"start":{"line":140,"column":2},"end":{"line":167,"column":3}},"48":{"start":{"line":141,"column":23},"end":{"line":141,"column":42}},"49":{"start":{"line":142,"column":23},"end":{"line":142,"column":50}},"50":{"start":{"line":143,"column":22},"end":{"line":143,"column":53}},"51":{"start":{"line":144,"column":20},"end":{"line":146,"column":53}},"52":{"start":{"line":148,"column":20},"end":{"line":148,"column":74}},"53":{"start":{"line":150,"column":21},"end":{"line":157,"column":6}},"54":{"start":{"line":159,"column":4},"end":{"line":164,"column":7}},"55":{"start":{"line":166,"column":4},"end":{"line":166,"column":20}},"56":{"start":{"line":169,"column":2},"end":{"line":172,"column":3}},"57":{"start":{"line":170,"column":20},"end":{"line":170,"column":63}},"58":{"start":{"line":171,"column":4},"end":{"line":171,"column":75}},"59":{"start":{"line":174,"column":2},"end":{"line":174,"column":95}},"60":{"start":{"line":130,"column":13},"end":{"line":130,"column":30}},"61":{"start":{"line":177,"column":30},"end":{"line":187,"column":1}},"62":{"start":{"line":178,"column":2},"end":{"line":180,"column":3}},"63":{"start":{"line":179,"column":4},"end":{"line":179,"column":32}},"64":{"start":{"line":182,"column":2},"end":{"line":184,"column":3}},"65":{"start":{"line":183,"column":4},"end":{"line":183,"column":52}},"66":{"start":{"line":186,"column":2},"end":{"line":186,"column":15}},"67":{"start":{"line":177,"column":13},"end":{"line":177,"column":30}},"68":{"start":{"line":189,"column":34},"end":{"line":189,"column":91}},"69":{"start":{"line":189,"column":62},"end":{"line":189,"column":91}},"70":{"start":{"line":189,"column":13},"end":{"line":189,"column":34}}},"fnMap":{"0":{"name":"(anonymous_1)","decl":{"start":{"line":45,"column":2},"end":{"line":45,"column":14}},"loc":{"start":{"line":52,"column":20},"end":{"line":63,"column":3}}},"1":{"name":"(anonymous_2)","decl":{"start":{"line":66,"column":26},"end":{"line":66,"column":27}},"loc":{"start":{"line":66,"column":65},"end":{"line":66,"column":90}}},"2":{"name":"(anonymous_3)","decl":{"start":{"line":68,"column":25},"end":{"line":68,"column":26}},"loc":{"start":{"line":68,"column":86},"end":{"line":74,"column":1}}},"3":{"name":"(anonymous_4)","decl":{"start":{"line":76,"column":28},"end":{"line":76,"column":29}},"loc":{"start":{"line":76,"column":59},"end":{"line":86,"column":1}}},"4":{"name":"(anonymous_5)","decl":{"start":{"line":88,"column":28},"end":{"line":88,"column":29}},"loc":{"start":{"line":88,"column":75},"end":{"line":111,"column":1}}},"5":{"name":"(anonymous_6)","decl":{"start":{"line":113,"column":21},"end":{"line":113,"column":null}},"loc":{"start":{"line":116,"column":41},"end":{"line":128,"column":1}}},"6":{"name":"(anonymous_7)","decl":{"start":{"line":130,"column":30},"end":{"line":130,"column":null}},"loc":{"start":{"line":134,"column":14},"end":{"line":175,"column":1}}},"7":{"name":"(anonymous_8)","decl":{"start":{"line":177,"column":30},"end":{"line":177,"column":31}},"loc":{"start":{"line":177,"column":58},"end":{"line":187,"column":1}}},"8":{"name":"(anonymous_9)","decl":{"start":{"line":189,"column":34},"end":{"line":189,"column":35}},"loc":{"start":{"line":189,"column":62},"end":{"line":189,"column":91}}}},"branchMap":{"0":{"loc":{"start":{"line":50,"column":4},"end":{"line":50,"column":26}},"type":"default-arg","locations":[{"start":{"line":50,"column":21},"end":{"line":50,"column":26}}]},"1":{"loc":{"start":{"line":60,"column":4},"end":{"line":62,"column":5}},"type":"if","locations":[{"start":{"line":60,"column":4},"end":{"line":62,"column":5}}]},"2":{"loc":{"start":{"line":60,"column":8},"end":{"line":60,"column":45}},"type":"binary-expr","locations":[{"start":{"line":60,"column":8},"end":{"line":60,"column":13}},{"start":{"line":60,"column":17},"end":{"line":60,"column":45}}]},"3":{"loc":{"start":{"line":69,"column":2},"end":{"line":71,"column":3}},"type":"if","locations":[{"start":{"line":69,"column":2},"end":{"line":71,"column":3}}]},"4":{"loc":{"start":{"line":73,"column":9},"end":{"line":73,"column":49}},"type":"binary-expr","locations":[{"start":{"line":73,"column":9},"end":{"line":73,"column":37}},{"start":{"line":73,"column":41},"end":{"line":73,"column":49}}]},"5":{"loc":{"start":{"line":77,"column":2},"end":{"line":79,"column":3}},"type":"if","locations":[{"start":{"line":77,"column":2},"end":{"line":79,"column":3}}]},"6":{"loc":{"start":{"line":81,"column":2},"end":{"line":83,"column":3}},"type":"if","locations":[{"start":{"line":81,"column":2},"end":{"line":83,"column":3}}]},"7":{"loc":{"start":{"line":81,"column":6},"end":{"line":81,"column":53}},"type":"binary-expr","locations":[{"start":{"line":81,"column":6},"end":{"line":81,"column":16}},{"start":{"line":81,"column":20},"end":{"line":81,"column":53}}]},"8":{"loc":{"start":{"line":94,"column":2},"end":{"line":104,"column":3}},"type":"if","locations":[{"start":{"line":94,"column":2},"end":{"line":104,"column":3}}]},"9":{"loc":{"start":{"line":94,"column":6},"end":{"line":94,"column":69}},"type":"binary-expr","locations":[{"start":{"line":94,"column":6},"end":{"line":94,"column":26}},{"start":{"line":94,"column":30},"end":{"line":94,"column":69}}]},"10":{"loc":{"start":{"line":96,"column":20},"end":{"line":96,"column":79}},"type":"cond-expr","locations":[{"start":{"line":96,"column":55},"end":{"line":96,"column":67}},{"start":{"line":96,"column":70},"end":{"line":96,"column":79}}]},"11":{"loc":{"start":{"line":97,"column":17},"end":{"line":97,"column":70}},"type":"cond-expr","locations":[{"start":{"line":97,"column":49},"end":{"line":97,"column":58}},{"start":{"line":97,"column":61},"end":{"line":97,"column":70}}]},"12":{"loc":{"start":{"line":98,"column":4},"end":{"line":100,"column":5}},"type":"if","locations":[{"start":{"line":98,"column":4},"end":{"line":100,"column":5}}]},"13":{"loc":{"start":{"line":101,"column":4},"end":{"line":103,"column":5}},"type":"if","locations":[{"start":{"line":101,"column":4},"end":{"line":103,"column":5}}]},"14":{"loc":{"start":{"line":106,"column":2},"end":{"line":108,"column":3}},"type":"if","locations":[{"start":{"line":106,"column":2},"end":{"line":108,"column":3}}]},"15":{"loc":{"start":{"line":117,"column":2},"end":{"line":119,"column":3}},"type":"if","locations":[{"start":{"line":117,"column":2},"end":{"line":119,"column":3}}]},"16":{"loc":{"start":{"line":133,"column":2},"end":{"line":133,"column":51}},"type":"default-arg","locations":[{"start":{"line":133,"column":20},"end":{"line":133,"column":51}}]},"17":{"loc":{"start":{"line":135,"column":2},"end":{"line":138,"column":3}},"type":"if","locations":[{"start":{"line":135,"column":2},"end":{"line":138,"column":3}}]},"18":{"loc":{"start":{"line":140,"column":2},"end":{"line":167,"column":3}},"type":"if","locations":[{"start":{"line":140,"column":2},"end":{"line":167,"column":3}}]},"19":{"loc":{"start":{"line":144,"column":20},"end":{"line":146,"column":53}},"type":"cond-expr","locations":[{"start":{"line":145,"column":8},"end":{"line":145,"column":75}},{"start":{"line":146,"column":8},"end":{"line":146,"column":53}}]},"20":{"loc":{"start":{"line":169,"column":2},"end":{"line":172,"column":3}},"type":"if","locations":[{"start":{"line":169,"column":2},"end":{"line":172,"column":3}}]},"21":{"loc":{"start":{"line":178,"column":2},"end":{"line":180,"column":3}},"type":"if","locations":[{"start":{"line":178,"column":2},"end":{"line":180,"column":3}}]},"22":{"loc":{"start":{"line":182,"column":2},"end":{"line":184,"column":3}},"type":"if","locations":[{"start":{"line":182,"column":2},"end":{"line":184,"column":3}}]}},"s":{"0":1,"1":1,"2":1,"3":1,"4":0,"5":0,"6":0,"7":0,"8":0,"9":0,"10":0,"11":0,"12":1,"13":1,"14":0,"15":1,"16":1,"17":0,"18":0,"19":0,"20":1,"21":0,"22":0,"23":0,"24":0,"25":0,"26":1,"27":0,"28":0,"29":0,"30":0,"31":0,"32":0,"33":0,"34":0,"35":0,"36":0,"37":0,"38":0,"39":1,"40":0,"41":0,"42":0,"43":1,"44":0,"45":0,"46":0,"47":0,"48":0,"49":0,"50":0,"51":0,"52":0,"53":0,"54":0,"55":0,"56":0,"57":0,"58":0,"59":0,"60":1,"61":1,"62":0,"63":0,"64":0,"65":0,"66":0,"67":1,"68":1,"69":0,"70":1},"f":{"0":0,"1":0,"2":0,"3":0,"4":0,"5":0,"6":0,"7":0,"8":0},"b":{"0":[0],"1":[0],"2":[0,0],"3":[0],"4":[0,0],"5":[0],"6":[0],"7":[0,0],"8":[0],"9":[0,0],"10":[0,0],"11":[0,0],"12":[0],"13":[0],"14":[0],"15":[0],"16":[0],"17":[0],"18":[0],"19":[0,0],"20":[0],"21":[0],"22":[0]}}
,"/workspace/src/utils/network.utils.ts": {"path":"/workspace/src/utils/network.utils.ts","statementMap":{"0":{"start":{"line":19,"column":0},"end":{"line":19,"column":7}},"1":{"start":{"line":90,"column":0},"end":{"line":90,"column":7}},"2":{"start":{"line":119,"column":0},"end":{"line":119,"column":16}},"3":{"start":{"line":1,"column":0},"end":{"line":1,"column":26}},"4":{"start":{"line":23,"column":20},"end":{"line":23,"column":30}},"5":{"start":{"line":25,"column":2},"end":{"line":84,"column":3}},"6":{"start":{"line":26,"column":4},"end":{"line":26,"column":66}},"7":{"start":{"line":27,"column":4},"end":{"line":27,"column":54}},"8":{"start":{"line":29,"column":21},"end":{"line":39,"column":6}},"9":{"start":{"line":31,"column":28},"end":{"line":31,"column":32}},"10":{"start":{"line":41,"column":20},"end":{"line":41,"column":42}},"11":{"start":{"line":43,"column":4},"end":{"line":48,"column":7}},"12":{"start":{"line":50,"column":4},"end":{"line":58,"column":6}},"13":{"start":{"line":60,"column":20},"end":{"line":60,"column":42}},"14":{"start":{"line":61,"column":25},"end":{"line":61,"column":81}},"15":{"start":{"line":62,"column":23},"end":{"line":62,"column":42}},"16":{"start":{"line":64,"column":4},"end":{"line":69,"column":7}},"17":{"start":{"line":72,"column":29},"end":{"line":72,"column":80}},"18":{"start":{"line":74,"column":4},"end":{"line":83,"column":6}},"19":{"start":{"line":94,"column":17},"end":{"line":94,"column":19}},"20":{"start":{"line":96,"column":2},"end":{"line":108,"column":3}},"21":{"start":{"line":98,"column":6},"end":{"line":98,"column":41}},"22":{"start":{"line":99,"column":6},"end":{"line":99,"column":12}},"23":{"start":{"line":101,"column":6},"end":{"line":101,"column":41}},"24":{"start":{"line":102,"column":6},"end":{"line":102,"column":12}},"25":{"start":{"line":104,"column":6},"end":{"line":104,"column":39}},"26":{"start":{"line":105,"column":6},"end":{"line":105,"column":12}},"27":{"start":{"line":107,"column":6},"end":{"line":107,"column":66}},"28":{"start":{"line":110,"column":18},"end":{"line":110,"column":41}},"29":{"start":{"line":111,"column":2},"end":{"line":111,"column":81}},"30":{"start":{"line":113,"column":2},"end":{"line":113,"column":42}},"31":{"start":{"line":120,"column":27},"end":{"line":120,"column":29}},"32":{"start":{"line":122,"column":2},"end":{"line":126,"column":3}},"33":{"start":{"line":123,"column":4},"end":{"line":123,"column":108}},"34":{"start":{"line":124,"column":4},"end":{"line":124,"column":100}},"35":{"start":{"line":125,"column":4},"end":{"line":125,"column":93}},"36":{"start":{"line":128,"column":2},"end":{"line":132,"column":3}},"37":{"start":{"line":129,"column":4},"end":{"line":129,"column":102}},"38":{"start":{"line":130,"column":4},"end":{"line":130,"column":81}},"39":{"start":{"line":131,"column":4},"end":{"line":131,"column":73}},"40":{"start":{"line":134,"column":2},"end":{"line":138,"column":3}},"41":{"start":{"line":135,"column":4},"end":{"line":135,"column":109}},"42":{"start":{"line":136,"column":4},"end":{"line":136,"column":85}},"43":{"start":{"line":137,"column":4},"end":{"line":137,"column":76}},"44":{"start":{"line":140,"column":2},"end":{"line":144,"column":3}},"45":{"start":{"line":141,"column":4},"end":{"line":141,"column":87}},"46":{"start":{"line":142,"column":4},"end":{"line":142,"column":95}},"47":{"start":{"line":143,"column":4},"end":{"line":143,"column":74}},"48":{"start":{"line":146,"column":2},"end":{"line":150,"column":3}},"49":{"start":{"line":147,"column":4},"end":{"line":147,"column":76}},"50":{"start":{"line":148,"column":4},"end":{"line":148,"column":82}},"51":{"start":{"line":149,"column":4},"end":{"line":149,"column":81}},"52":{"start":{"line":152,"column":2},"end":{"line":155,"column":3}},"53":{"start":{"line":153,"column":4},"end":{"line":153,"column":78}},"54":{"start":{"line":154,"column":4},"end":{"line":154,"column":88}},"55":{"start":{"line":157,"column":2},"end":{"line":160,"column":3}},"56":{"start":{"line":158,"column":4},"end":{"line":158,"column":76}},"57":{"start":{"line":159,"column":4},"end":{"line":159,"column":82}},"58":{"start":{"line":162,"column":2},"end":{"line":165,"column":3}},"59":{"start":{"line":163,"column":4},"end":{"line":163,"column":87}},"60":{"start":{"line":164,"column":4},"end":{"line":164,"column":99}},"61":{"start":{"line":167,"column":2},"end":{"line":170,"column":3}},"62":{"start":{"line":168,"column":4},"end":{"line":168,"column":85}},"63":{"start":{"line":169,"column":4},"end":{"line":169,"column":77}},"64":{"start":{"line":173,"column":2},"end":{"line":179,"column":3}},"65":{"start":{"line":174,"column":4},"end":{"line":174,"column":50}},"66":{"start":{"line":175,"column":4},"end":{"line":175,"column":68}},"67":{"start":{"line":176,"column":4},"end":{"line":176,"column":78}},"68":{"start":{"line":177,"column":4},"end":{"line":177,"column":63}},"69":{"start":{"line":178,"column":4},"end":{"line":178,"column":99}},"70":{"start":{"line":181,"column":2},"end":{"line":181,"column":16}}},"fnMap":{"0":{"name":"testNetworkConnectivity","decl":{"start":{"line":19,"column":22},"end":{"line":19,"column":45}},"loc":{"start":{"line":21,"column":25},"end":{"line":85,"column":1}}},"1":{"name":"(anonymous_2)","decl":{"start":{"line":31,"column":22},"end":{"line":31,"column":25}},"loc":{"start":{"line":31,"column":28},"end":{"line":31,"column":32}}},"2":{"name":"testServiceAccessibility","decl":{"start":{"line":90,"column":22},"end":{"line":90,"column":46}},"loc":{"start":{"line":92,"column":50},"end":{"line":114,"column":1}}},"3":{"name":"diagnoseVpnIssues","decl":{"start":{"line":119,"column":16},"end":{"line":119,"column":33}},"loc":{"start":{"line":119,"column":65},"end":{"line":182,"column":1}}}},"branchMap":{"0":{"loc":{"start":{"line":21,"column":2},"end":{"line":21,"column":25}},"type":"default-arg","locations":[{"start":{"line":21,"column":20},"end":{"line":21,"column":25}}]},"1":{"loc":{"start":{"line":61,"column":25},"end":{"line":61,"column":81}},"type":"cond-expr","locations":[{"start":{"line":61,"column":50},"end":{"line":61,"column":63}},{"start":{"line":61,"column":66},"end":{"line":61,"column":81}}]},"2":{"loc":{"start":{"line":72,"column":29},"end":{"line":72,"column":80}},"type":"binary-expr","locations":[{"start":{"line":72,"column":29},"end":{"line":72,"column":55}},{"start":{"line":72,"column":59},"end":{"line":72,"column":80}}]},"3":{"loc":{"start":{"line":96,"column":2},"end":{"line":108,"column":3}},"type":"switch","locations":[{"start":{"line":97,"column":4},"end":{"line":99,"column":12}},{"start":{"line":100,"column":4},"end":{"line":102,"column":12}},{"start":{"line":103,"column":4},"end":{"line":105,"column":12}},{"start":{"line":106,"column":4},"end":{"line":107,"column":66}}]},"4":{"loc":{"start":{"line":122,"column":2},"end":{"line":126,"column":3}},"type":"if","locations":[{"start":{"line":122,"column":2},"end":{"line":126,"column":3}}]},"5":{"loc":{"start":{"line":128,"column":2},"end":{"line":132,"column":3}},"type":"if","locations":[{"start":{"line":128,"column":2},"end":{"line":132,"column":3}}]},"6":{"loc":{"start":{"line":134,"column":2},"end":{"line":138,"column":3}},"type":"if","locations":[{"start":{"line":134,"column":2},"end":{"line":138,"column":3}}]},"7":{"loc":{"start":{"line":140,"column":2},"end":{"line":144,"column":3}},"type":"if","locations":[{"start":{"line":140,"column":2},"end":{"line":144,"column":3}}]},"8":{"loc":{"start":{"line":146,"column":2},"end":{"line":150,"column":3}},"type":"if","locations":[{"start":{"line":146,"column":2},"end":{"line":150,"column":3}}]},"9":{"loc":{"start":{"line":152,"column":2},"end":{"line":155,"column":3}},"type":"if","locations":[{"start":{"line":152,"column":2},"end":{"line":155,"column":3}}]},"10":{"loc":{"start":{"line":157,"column":2},"end":{"line":160,"column":3}},"type":"if","locations":[{"start":{"line":157,"column":2},"end":{"line":160,"column":3}}]},"11":{"loc":{"start":{"line":162,"column":2},"end":{"line":165,"column":3}},"type":"if","locations":[{"start":{"line":162,"column":2},"end":{"line":165,"column":3}}]},"12":{"loc":{"start":{"line":167,"column":2},"end":{"line":170,"column":3}},"type":"if","locations":[{"start":{"line":167,"column":2},"end":{"line":170,"column":3}}]},"13":{"loc":{"start":{"line":173,"column":2},"end":{"line":179,"column":3}},"type":"if","locations":[{"start":{"line":173,"column":2},"end":{"line":179,"column":3}}]}},"s":{"0":1,"1":1,"2":1,"3":1,"4":0,"5":0,"6":0,"7":0,"8":0,"9":0,"10":0,"11":0,"12":0,"13":0,"14":0,"15":0,"16":0,"17":0,"18":0,"19":0,"20":0,"21":0,"22":0,"23":0,"24":0,"25":0,"26":0,"27":0,"28":0,"29":0,"30":0,"31":0,"32":0,"33":0,"34":0,"35":0,"36":0,"37":0,"38":0,"39":0,"40":0,"41":0,"42":0,"43":0,"44":0,"45":0,"46":0,"47":0,"48":0,"49":0,"50":0,"51":0,"52":0,"53":0,"54":0,"55":0,"56":0,"57":0,"58":0,"59":0,"60":0,"61":0,"62":0,"63":0,"64":0,"65":0,"66":0,"67":0,"68":0,"69":0,"70":0},"f":{"0":0,"1":0,"2":0,"3":0},"b":{"0":[0],"1":[0,0],"2":[0,0],"3":[0,0,0,0],"4":[0],"5":[0],"6":[0],"7":[0],"8":[0],"9":[0],"10":[0],"11":[0],"12":[0],"13":[0]}}
}
