TN:
SF:src/connectors/base/BaseConnector.ts
FN:23,(anonymous_1)
FN:36,(anonymous_2)
FN:44,(anonymous_3)
FN:159,(anonymous_4)
FN:186,(anonymous_5)
FN:195,(anonymous_6)
FN:213,(anonymous_7)
FN:221,(anonymous_8)
FN:240,(anonymous_9)
FN:262,(anonymous_10)
FN:278,(anonymous_11)
FN:314,(anonymous_12)
FN:331,(anonymous_13)
FN:348,(anonymous_14)
FN:365,(anonymous_15)
FNF:15
FNH:4
FNDA:7,(anonymous_1)
FNDA:0,(anonymous_2)
FNDA:0,(anonymous_3)
FNDA:0,(anonymous_4)
FNDA:7,(anonymous_5)
FNDA:0,(anonymous_6)
FNDA:0,(anonymous_7)
FNDA:0,(anonymous_8)
FNDA:0,(anonymous_9)
FNDA:7,(anonymous_10)
FNDA:0,(anonymous_11)
FNDA:7,(anonymous_12)
FNDA:0,(anonymous_13)
FNDA:0,(anonymous_14)
FNDA:0,(anonymous_15)
DA:1,1
DA:5,1
DA:6,1
DA:7,1
DA:9,1
DA:10,1
DA:15,1
DA:21,7
DA:23,7
DA:24,7
DA:37,0
DA:45,0
DA:46,0
DA:48,0
DA:51,0
DA:59,0
DA:60,0
DA:62,0
DA:65,0
DA:66,0
DA:73,0
DA:77,0
DA:84,0
DA:85,0
DA:86,0
DA:88,0
DA:89,0
DA:94,0
DA:97,0
DA:105,0
DA:112,0
DA:113,0
DA:114,0
DA:116,0
DA:118,0
DA:126,0
DA:128,0
DA:134,0
DA:139,0
DA:148,0
DA:160,0
DA:161,0
DA:163,0
DA:170,0
DA:176,0
DA:187,7
DA:194,7
DA:196,0
DA:204,0
DA:211,0
DA:214,0
DA:215,0
DA:216,0
DA:220,7
DA:222,0
DA:231,0
DA:238,0
DA:241,0
DA:251,0
DA:252,0
DA:256,7
DA:263,7
DA:268,7
DA:269,0
DA:272,7
DA:279,0
DA:280,0
DA:283,0
DA:284,0
DA:286,0
DA:287,0
DA:290,0
DA:292,0
DA:297,0
DA:298,0
DA:300,0
DA:306,0
DA:316,7
DA:317,3
DA:327,4
DA:332,0
DA:339,0
DA:349,0
DA:355,0
DA:366,0
LF:85
LH:20
BRDA:59,0,0,0
BRDA:59,0,1,0
BRDA:62,1,0,0
BRDA:62,1,1,0
BRDA:88,2,0,0
BRDA:88,2,1,0
BRDA:136,3,0,0
BRDA:136,3,1,0
BRDA:150,4,0,0
BRDA:150,4,1,0
BRDA:167,5,0,0
BRDA:167,5,1,0
BRDA:177,6,0,0
BRDA:177,6,1,0
BRDA:189,7,0,7
BRDA:189,7,1,7
BRDA:228,8,0,0
BRDA:228,8,1,0
BRDA:268,9,0,0
BRDA:279,10,0,0
BRDA:286,11,0,0
BRDA:286,12,0,0
BRDA:286,12,1,0
BRDA:287,13,0,0
BRDA:287,13,1,0
BRDA:298,14,0,0
BRDA:298,14,1,0
BRDA:316,15,0,3
BRDA:316,16,0,7
BRDA:316,16,1,4
BRDA:316,16,2,3
BRF:31
BRH:6
end_of_record
TN:
SF:src/connectors/implementations/JellyseerrConnector.ts
FN:130,(anonymous_0)
FN:164,(anonymous_1)
FN:180,(anonymous_2)
FN:192,(anonymous_3)
FN:207,(anonymous_4)
FN:224,(anonymous_5)
FN:230,(anonymous_6)
FN:231,(anonymous_7)
FN:258,(anonymous_8)
FN:259,(anonymous_9)
FN:274,(anonymous_10)
FN:295,(anonymous_11)
FN:297,(anonymous_12)
FN:298,(anonymous_13)
FN:326,(anonymous_14)
FN:362,(anonymous_15)
FN:411,(anonymous_16)
FN:429,(anonymous_17)
FN:452,(anonymous_18)
FN:457,(anonymous_19)
FN:473,(anonymous_20)
FN:490,(anonymous_21)
FN:506,(anonymous_22)
FN:522,(anonymous_23)
FN:541,(anonymous_24)
FN:560,(anonymous_25)
FN:576,(anonymous_26)
FNF:27
FNH:0
FNDA:0,(anonymous_0)
FNDA:0,(anonymous_1)
FNDA:0,(anonymous_2)
FNDA:0,(anonymous_3)
FNDA:0,(anonymous_4)
FNDA:0,(anonymous_5)
FNDA:0,(anonymous_6)
FNDA:0,(anonymous_7)
FNDA:0,(anonymous_8)
FNDA:0,(anonymous_9)
FNDA:0,(anonymous_10)
FNDA:0,(anonymous_11)
FNDA:0,(anonymous_12)
FNDA:0,(anonymous_13)
FNDA:0,(anonymous_14)
FNDA:0,(anonymous_15)
FNDA:0,(anonymous_16)
FNDA:0,(anonymous_17)
FNDA:0,(anonymous_18)
FNDA:0,(anonymous_19)
FNDA:0,(anonymous_20)
FNDA:0,(anonymous_21)
FNDA:0,(anonymous_22)
FNDA:0,(anonymous_23)
FNDA:0,(anonymous_24)
FNDA:0,(anonymous_25)
FNDA:0,(anonymous_26)
DA:1,1
DA:17,1
DA:19,1
DA:20,1
DA:21,1
DA:22,1
DA:23,1
DA:130,1
DA:131,0
DA:132,0
DA:134,0
DA:136,0
DA:138,0
DA:140,0
DA:142,0
DA:144,0
DA:148,0
DA:150,0
DA:152,0
DA:154,0
DA:156,0
DA:158,0
DA:160,0
DA:164,1
DA:165,0
DA:167,0
DA:170,0
DA:172,0
DA:174,0
DA:176,0
DA:180,1
DA:181,0
DA:182,0
DA:185,0
DA:186,0
DA:189,0
DA:192,1
DA:193,0
DA:194,0
DA:197,0
DA:207,1
DA:211,0
DA:212,0
DA:214,0
DA:224,1
DA:228,0
DA:230,0
DA:231,0
DA:233,0
DA:258,1
DA:259,0
DA:261,0
DA:274,1
DA:275,0
DA:276,0
DA:279,0
DA:288,0
DA:295,1
DA:296,0
DA:297,0
DA:299,0
DA:300,0
DA:303,0
DA:307,0
DA:326,1
DA:329,0
DA:330,0
DA:333,0
DA:335,0
DA:336,0
DA:339,0
DA:340,0
DA:343,0
DA:344,0
DA:347,0
DA:348,0
DA:351,0
DA:352,0
DA:355,0
DA:356,0
DA:359,0
DA:362,1
DA:363,0
DA:368,0
DA:369,0
DA:372,0
DA:373,0
DA:376,0
DA:377,0
DA:378,0
DA:379,0
DA:380,0
DA:384,0
DA:385,0
DA:388,0
DA:389,0
DA:392,0
DA:393,0
DA:396,0
DA:397,0
DA:400,0
DA:401,0
DA:404,0
DA:405,0
DA:408,0
DA:411,1
DA:412,0
DA:413,0
DA:416,0
DA:418,0
DA:419,0
DA:422,0
DA:423,0
DA:426,0
DA:429,1
DA:430,0
DA:431,0
DA:434,0
DA:436,0
DA:437,0
DA:440,0
DA:441,0
DA:444,0
DA:445,0
DA:448,0
DA:451,1
DA:453,0
DA:454,0
DA:458,0
DA:460,0
DA:461,0
DA:462,0
DA:464,0
DA:474,0
DA:476,0
DA:477,0
DA:478,0
DA:479,0
DA:481,0
DA:491,0
DA:493,0
DA:494,0
DA:495,0
DA:497,0
DA:507,0
DA:509,0
DA:510,0
DA:511,0
DA:513,0
DA:523,0
DA:525,0
DA:526,0
DA:530,0
DA:532,0
DA:542,0
DA:544,0
DA:545,0
DA:549,0
DA:551,0
DA:561,0
DA:563,0
DA:564,0
DA:565,0
DA:567,0
DA:577,0
DA:579,0
DA:580,0
DA:584,0
DA:585,0
DA:586,0
DA:589,0
DA:590,0
DA:591,0
DA:592,0
DA:595,0
DA:599,0
DA:601,0
LF:177
LH:21
BRDA:131,0,0,0
BRDA:132,1,0,0
BRDA:132,1,1,0
BRDA:132,1,2,0
BRDA:132,1,3,0
BRDA:132,1,4,0
BRDA:132,1,5,0
BRDA:148,2,0,0
BRDA:148,2,1,0
BRDA:148,2,2,0
BRDA:148,2,3,0
BRDA:148,2,4,0
BRDA:148,2,5,0
BRDA:165,3,0,0
BRDA:165,3,1,0
BRDA:165,3,2,0
BRDA:165,3,3,0
BRDA:165,3,4,0
BRDA:165,3,5,0
BRDA:181,4,0,0
BRDA:185,5,0,0
BRDA:185,6,0,0
BRDA:185,6,1,0
BRDA:193,7,0,0
BRDA:211,8,0,0
BRDA:211,8,1,0
BRDA:211,9,0,0
BRDA:211,9,1,0
BRDA:219,10,0,0
BRDA:219,10,1,0
BRDA:228,11,0,0
BRDA:228,11,1,0
BRDA:239,12,0,0
BRDA:239,12,1,0
BRDA:239,12,2,0
BRDA:276,13,0,0
BRDA:276,13,1,0
BRDA:276,13,2,0
BRDA:279,14,0,0
BRDA:279,14,1,0
BRDA:280,15,0,0
BRDA:280,15,1,0
BRDA:280,16,0,0
BRDA:280,16,1,0
BRDA:280,16,2,0
BRDA:297,17,0,0
BRDA:297,17,1,0
BRDA:300,18,0,0
BRDA:300,18,1,0
BRDA:303,19,0,0
BRDA:303,19,1,0
BRDA:304,20,0,0
BRDA:304,20,1,0
BRDA:304,20,2,0
BRDA:304,20,3,0
BRDA:305,21,0,0
BRDA:305,21,1,0
BRDA:305,21,2,0
BRDA:305,21,3,0
BRDA:309,22,0,0
BRDA:309,22,1,0
BRDA:310,23,0,0
BRDA:310,23,1,0
BRDA:313,24,0,0
BRDA:313,24,1,0
BRDA:329,25,0,0
BRDA:335,26,0,0
BRDA:339,27,0,0
BRDA:343,28,0,0
BRDA:343,29,0,0
BRDA:343,29,1,0
BRDA:347,30,0,0
BRDA:351,31,0,0
BRDA:355,32,0,0
BRDA:355,33,0,0
BRDA:355,33,1,0
BRDA:368,34,0,0
BRDA:372,35,0,0
BRDA:376,36,0,0
BRDA:377,37,0,0
BRDA:377,37,1,0
BRDA:377,38,0,0
BRDA:377,38,1,0
BRDA:379,39,0,0
BRDA:384,40,0,0
BRDA:388,41,0,0
BRDA:392,42,0,0
BRDA:396,43,0,0
BRDA:400,44,0,0
BRDA:404,45,0,0
BRDA:412,46,0,0
BRDA:418,47,0,0
BRDA:422,48,0,0
BRDA:422,49,0,0
BRDA:422,49,1,0
BRDA:430,50,0,0
BRDA:436,51,0,0
BRDA:440,52,0,0
BRDA:440,53,0,0
BRDA:440,53,1,0
BRDA:444,54,0,0
BRDA:444,55,0,0
BRDA:444,55,1,0
BRDA:462,56,0,0
BRDA:462,56,1,0
BRDA:462,56,2,0
BRDA:585,57,0,0
BRDA:585,58,0,0
BRDA:585,58,1,0
BRDA:589,59,0,0
BRDA:589,59,1,0
BRDA:591,60,0,0
BRDA:591,61,0,0
BRDA:591,61,1,0
BRF:114
BRH:0
end_of_record
TN:
SF:src/connectors/implementations/QBittorrentConnector.ts
FN:53,(anonymous_0)
FN:61,(anonymous_1)
FN:62,(anonymous_2)
FN:95,(anonymous_3)
FN:101,(anonymous_4)
FN:109,(anonymous_5)
FN:127,(anonymous_6)
FN:134,(anonymous_7)
FN:165,(anonymous_8)
FN:177,(anonymous_9)
FN:188,(anonymous_10)
FN:203,(anonymous_11)
FN:218,(anonymous_12)
FN:236,(anonymous_13)
FN:251,(anonymous_14)
FN:267,(anonymous_15)
FN:273,(anonymous_16)
FN:304,(anonymous_17)
FN:313,(anonymous_18)
FN:343,(anonymous_19)
FN:350,(anonymous_20)
FN:351,(anonymous_21)
FN:357,(anonymous_22)
FNF:23
FNH:1
FNDA:3,(anonymous_0)
FNDA:0,(anonymous_1)
FNDA:0,(anonymous_2)
FNDA:0,(anonymous_3)
FNDA:0,(anonymous_4)
FNDA:0,(anonymous_5)
FNDA:0,(anonymous_6)
FNDA:0,(anonymous_7)
FNDA:0,(anonymous_8)
FNDA:0,(anonymous_9)
FNDA:0,(anonymous_10)
FNDA:0,(anonymous_11)
FNDA:0,(anonymous_12)
FNDA:0,(anonymous_13)
FNDA:0,(anonymous_14)
FNDA:0,(anonymous_15)
FNDA:0,(anonymous_16)
FNDA:0,(anonymous_17)
FNDA:0,(anonymous_18)
FNDA:0,(anonymous_19)
FNDA:0,(anonymous_20)
FNDA:0,(anonymous_21)
FNDA:0,(anonymous_22)
DA:4,1
DA:5,1
DA:10,1
DA:50,1
DA:51,3
DA:54,3
DA:55,3
DA:60,3
DA:61,0
DA:63,0
DA:64,0
DA:65,0
DA:67,0
DA:68,0
DA:71,0
DA:72,0
DA:73,0
DA:76,0
DA:78,0
DA:79,0
DA:81,0
DA:85,0
DA:88,0
DA:92,3
DA:96,0
DA:97,0
DA:98,0
DA:102,0
DA:103,0
DA:105,0
DA:106,0
DA:107,0
DA:109,0
DA:112,0
DA:113,0
DA:114,0
DA:115,0
DA:117,0
DA:118,0
DA:128,0
DA:129,0
DA:132,0
DA:134,0
DA:137,0
DA:139,0
DA:149,0
DA:156,0
DA:166,0
DA:168,0
DA:169,0
DA:177,0
DA:179,0
DA:189,0
DA:191,0
DA:192,0
DA:194,0
DA:204,0
DA:206,0
DA:207,0
DA:209,0
DA:219,0
DA:221,0
DA:222,0
DA:227,0
DA:237,0
DA:239,0
DA:240,0
DA:242,0
DA:252,0
DA:254,0
DA:255,0
DA:256,0
DA:258,0
DA:269,0
DA:274,0
DA:305,0
DA:314,0
DA:316,0
DA:337,0
DA:340,0
DA:344,0
DA:345,0
DA:348,0
DA:350,0
DA:351,0
DA:353,0
DA:358,0
DA:360,0
LF:88
LH:9
BRDA:65,0,0,0
BRDA:65,0,1,0
BRDA:67,1,0,0
BRDA:67,2,0,0
BRDA:67,2,1,0
BRDA:71,3,0,0
BRDA:71,4,0,0
BRDA:71,4,1,0
BRDA:72,5,0,0
BRDA:112,6,0,0
BRDA:112,6,1,0
BRDA:113,7,0,0
BRDA:113,7,1,0
BRDA:113,8,0,0
BRDA:113,8,1,0
BRDA:137,9,0,0
BRDA:137,9,1,0
BRDA:144,10,0,0
BRDA:144,10,1,0
BRDA:144,11,0,0
BRDA:144,11,1,0
BRDA:157,12,0,0
BRDA:157,12,1,0
BRDA:218,13,0,0
BRDA:224,14,0,0
BRDA:224,14,1,0
BRDA:281,15,0,0
BRDA:281,15,1,0
BRDA:281,15,2,0
BRDA:293,16,0,0
BRDA:293,16,1,0
BRDA:294,17,0,0
BRDA:294,17,1,0
BRDA:297,18,0,0
BRDA:297,18,1,0
BRDA:298,19,0,0
BRDA:298,19,1,0
BRDA:316,20,0,0
BRDA:317,21,0,0
BRDA:317,21,1,0
BRDA:317,21,2,0
BRDA:317,21,3,0
BRDA:317,21,4,0
BRDA:317,21,5,0
BRDA:317,21,6,0
BRDA:317,21,7,0
BRDA:317,21,8,0
BRDA:317,21,9,0
BRDA:317,21,10,0
BRDA:317,21,11,0
BRDA:317,21,12,0
BRDA:317,21,13,0
BRDA:317,21,14,0
BRDA:317,21,15,0
BRDA:317,21,16,0
BRDA:317,21,17,0
BRDA:317,21,18,0
BRDA:344,22,0,0
BRDA:353,23,0,0
BRDA:353,23,1,0
BRF:60
BRH:0
end_of_record
TN:
SF:src/models/logger.types.ts
FN:1,(anonymous_0)
FNF:1
FNH:1
FNDA:1,(anonymous_0)
DA:1,1
DA:2,1
DA:3,1
DA:4,1
DA:5,1
LF:5
LH:5
BRDA:1,0,0,1
BRDA:1,0,1,1
BRF:2
BRH:2
end_of_record
TN:
SF:src/services/auth/AuthManager.ts
FN:11,(anonymous_0)
FN:19,(anonymous_1)
FN:23,(anonymous_2)
FN:93,(anonymous_3)
FN:97,(anonymous_4)
FN:106,(anonymous_5)
FN:111,(anonymous_6)
FN:125,(anonymous_7)
FN:141,(anonymous_8)
FNF:9
FNH:3
FNDA:10,(anonymous_0)
FNDA:30,(anonymous_1)
FNDA:1,(anonymous_2)
FNDA:0,(anonymous_3)
FNDA:0,(anonymous_4)
FNDA:0,(anonymous_5)
FNDA:0,(anonymous_6)
FNDA:0,(anonymous_7)
FNDA:0,(anonymous_8)
DA:1,2
DA:7,2
DA:8,2
DA:9,2
DA:12,10
DA:13,10
DA:20,30
DA:24,1
DA:26,1
DA:27,0
DA:28,0
DA:32,0
DA:39,1
DA:40,1
DA:46,1
DA:48,1
DA:49,0
DA:58,0
DA:60,0
DA:68,1
DA:75,1
DA:77,0
DA:79,0
DA:85,0
DA:94,0
DA:98,0
DA:99,0
DA:107,0
DA:108,0
DA:112,0
DA:113,0
DA:115,0
DA:116,0
DA:119,0
DA:126,0
DA:127,0
DA:128,0
DA:131,0
DA:132,0
DA:135,0
DA:142,0
DA:143,0
DA:145,0
DA:146,0
DA:153,0
DA:154,0
DA:156,0
DA:157,0
DA:166,0
DA:169,0
DA:173,0
DA:176,0
DA:178,0
DA:180,0
DA:185,0
DA:195,2
LF:56
LH:16
BRDA:26,0,0,0
BRDA:43,1,0,1
BRDA:43,1,1,0
BRDA:43,1,2,0
BRDA:48,2,0,0
BRDA:48,2,1,1
BRDA:48,3,0,1
BRDA:48,3,1,0
BRDA:77,4,0,0
BRDA:77,4,1,0
BRDA:115,5,0,0
BRDA:115,6,0,0
BRDA:115,6,1,0
BRDA:115,6,2,0
BRDA:127,7,0,0
BRDA:127,8,0,0
BRDA:127,8,1,0
BRDA:131,9,0,0
BRDA:131,10,0,0
BRDA:131,10,1,0
BRDA:145,11,0,0
BRDA:145,12,0,0
BRDA:145,12,1,0
BRDA:145,12,2,0
BRDA:156,13,0,0
BRDA:156,13,1,0
BRDA:156,14,0,0
BRDA:156,14,1,0
BRDA:159,15,0,0
BRDA:159,15,1,0
BRDA:160,16,0,0
BRDA:160,16,1,0
BRDA:161,17,0,0
BRDA:161,17,1,0
BRDA:178,18,0,0
BRDA:178,18,1,0
BRF:36
BRH:3
end_of_record
TN:
SF:src/services/auth/AuthProviderFactory.ts
FN:16,(anonymous_0)
FN:34,(anonymous_1)
FN:42,(anonymous_2)
FN:50,(anonymous_3)
FNF:4
FNH:4
FNDA:3,(anonymous_0)
FNDA:29,(anonymous_1)
FNDA:10,(anonymous_2)
FNDA:10,(anonymous_3)
DA:1,2
DA:2,2
DA:3,2
DA:4,2
DA:10,2
DA:11,2
DA:17,3
DA:18,1
DA:22,2
DA:23,2
DA:24,2
DA:25,2
DA:26,2
DA:28,2
DA:35,29
DA:36,29
DA:43,10
DA:44,10
DA:51,10
DA:53,10
DA:55,6
DA:58,4
DA:60,0
DA:62,0
DA:68,2
LF:25
LH:23
BRDA:17,0,0,1
BRDA:36,1,0,29
BRDA:36,1,1,0
BRDA:53,2,0,6
BRDA:53,2,1,3
BRDA:53,2,2,4
BRDA:53,2,3,0
BRDA:53,2,4,0
BRF:8
BRH:5
end_of_record
TN:
SF:src/services/auth/ServiceAuthHelper.ts
FN:13,(anonymous_0)
FN:33,(anonymous_1)
FN:41,(anonymous_2)
FN:48,(anonymous_3)
FN:56,(anonymous_4)
FN:63,(anonymous_5)
FN:70,(anonymous_6)
FN:77,(anonymous_7)
FN:85,(anonymous_8)
FN:121,(anonymous_9)
FN:128,(anonymous_10)
FNF:11
FNH:3
FNDA:4,(anonymous_0)
FNDA:1,(anonymous_1)
FNDA:0,(anonymous_2)
FNDA:0,(anonymous_3)
FNDA:0,(anonymous_4)
FNDA:0,(anonymous_5)
FNDA:0,(anonymous_6)
FNDA:0,(anonymous_7)
FNDA:5,(anonymous_8)
FNDA:0,(anonymous_9)
FNDA:0,(anonymous_10)
DA:1,2
DA:2,2
DA:9,2
DA:14,4
DA:16,4
DA:34,1
DA:35,1
DA:42,0
DA:49,0
DA:50,0
DA:57,0
DA:64,0
DA:71,0
DA:78,0
DA:79,0
DA:86,5
DA:88,5
DA:89,1
DA:92,5
DA:93,0
DA:96,5
DA:97,5
DA:99,5
DA:100,7
DA:101,1
DA:103,7
DA:104,1
DA:106,7
DA:107,1
DA:112,5
DA:122,0
DA:129,0
LF:32
LH:21
BRDA:50,0,0,0
BRDA:50,0,1,0
BRDA:88,1,0,1
BRDA:92,2,0,0
BRDA:96,3,0,5
BRDA:100,4,0,1
BRDA:100,5,0,7
BRDA:100,5,1,3
BRDA:103,6,0,1
BRDA:103,7,0,7
BRDA:103,7,1,2
BRDA:106,8,0,1
BRDA:106,9,0,7
BRDA:106,9,1,2
BRF:14
BRH:11
end_of_record
TN:
SF:src/services/auth/providers/ApiKeyAuthProvider.ts
FN:8,(anonymous_0)
FN:12,(anonymous_1)
FN:29,(anonymous_2)
FNF:3
FNH:1
FNDA:22,(anonymous_0)
FNDA:0,(anonymous_1)
FNDA:0,(anonymous_2)
DA:1,2
DA:7,2
DA:9,22
DA:13,0
DA:14,0
DA:15,0
DA:24,0
DA:26,0
DA:32,0
LF:9
LH:3
BRDA:14,0,0,0
BRF:1
BRH:0
end_of_record
TN:
SF:src/services/auth/providers/BaseAuthProvider.ts
FN:11,(anonymous_1)
FN:19,(anonymous_2)
FN:28,(anonymous_3)
FN:33,(anonymous_4)
FN:48,(anonymous_5)
FN:103,(anonymous_6)
FN:124,(anonymous_7)
FN:137,(anonymous_8)
FNF:8
FNH:5
FNDA:10,(anonymous_1)
FNDA:0,(anonymous_2)
FNDA:0,(anonymous_3)
FNDA:0,(anonymous_4)
FNDA:1,(anonymous_5)
FNDA:1,(anonymous_6)
FNDA:1,(anonymous_7)
FNDA:1,(anonymous_8)
DA:1,2
DA:2,2
DA:8,2
DA:12,10
DA:21,0
DA:30,0
DA:34,0
DA:35,0
DA:38,0
DA:39,0
DA:42,0
DA:49,1
DA:50,1
DA:52,1
DA:58,0
DA:64,1
DA:65,1
DA:66,1
DA:68,1
DA:76,1
DA:77,0
DA:84,1
DA:85,0
DA:92,1
DA:104,1
DA:110,1
DA:111,0
DA:114,1
DA:115,0
DA:118,1
DA:125,1
DA:126,1
DA:131,0
DA:138,1
DA:140,1
DA:142,0
DA:143,0
DA:145,0
DA:148,1
DA:149,0
DA:151,1
DA:154,0
DA:155,0
DA:157,0
DA:160,0
DA:161,0
DA:163,0
DA:167,0
DA:170,0
DA:173,1
LF:50
LH:25
BRDA:11,0,0,10
BRDA:34,1,0,0
BRDA:38,2,0,0
BRDA:38,3,0,0
BRDA:38,3,1,0
BRDA:53,4,0,1
BRDA:53,4,1,1
BRDA:76,5,0,0
BRDA:76,6,0,1
BRDA:76,6,1,1
BRDA:84,7,0,0
BRDA:110,8,0,0
BRDA:114,9,0,0
BRDA:125,10,0,1
BRDA:125,11,0,1
BRDA:125,11,1,1
BRDA:125,11,2,1
BRDA:140,12,0,0
BRDA:140,12,1,1
BRDA:140,12,2,0
BRDA:140,12,3,0
BRDA:140,12,4,0
BRDA:140,12,5,0
BRDA:142,13,0,0
BRDA:148,14,0,0
BRDA:148,15,0,1
BRDA:148,15,1,1
BRDA:154,16,0,0
BRDA:160,17,0,0
BRDA:160,18,0,0
BRDA:160,18,1,0
BRF:31
BRH:12
end_of_record
TN:
SF:src/services/auth/providers/BasicAuthProvider.ts
FN:8,(anonymous_0)
FN:12,(anonymous_1)
FN:28,(anonymous_2)
FNF:3
FNH:2
FNDA:11,(anonymous_0)
FNDA:1,(anonymous_1)
FNDA:0,(anonymous_2)
DA:1,2
DA:7,2
DA:9,11
DA:13,1
DA:14,1
DA:15,0
DA:23,1
DA:25,1
DA:31,0
LF:9
LH:7
BRDA:14,0,0,0
BRF:1
BRH:0
end_of_record
TN:
SF:src/services/auth/providers/SessionAuthProvider.ts
FN:10,(anonymous_1)
FN:14,(anonymous_2)
FN:99,(anonymous_3)
FN:119,(anonymous_4)
FNF:4
FNH:1
FNDA:6,(anonymous_1)
FNDA:0,(anonymous_2)
FNDA:0,(anonymous_3)
FNDA:0,(anonymous_4)
DA:1,2
DA:2,2
DA:3,2
DA:9,2
DA:11,6
DA:15,0
DA:16,0
DA:17,0
DA:24,0
DA:25,0
DA:26,0
DA:31,0
DA:36,0
DA:45,0
DA:46,0
DA:48,0
DA:54,0
DA:55,0
DA:60,0
DA:61,0
DA:62,0
DA:63,0
DA:64,0
DA:65,0
DA:68,0
DA:76,0
DA:82,0
DA:83,0
DA:85,0
DA:91,0
DA:100,0
DA:101,0
DA:103,0
DA:108,0
DA:109,0
DA:112,0
DA:115,0
DA:121,0
LF:38
LH:5
BRDA:16,0,0,0
BRDA:33,1,0,0
BRDA:33,1,1,0
BRDA:37,2,0,0
BRDA:37,2,1,0
BRDA:45,3,0,0
BRDA:45,3,1,0
BRDA:51,4,0,0
BRDA:51,4,1,0
BRDA:54,5,0,0
BRDA:55,6,0,0
BRDA:55,6,1,0
BRDA:60,7,0,0
BRDA:60,7,1,0
BRDA:60,8,0,0
BRDA:60,8,1,0
BRDA:62,9,0,0
BRDA:62,9,1,0
BRDA:62,10,0,0
BRDA:62,10,1,0
BRDA:64,11,0,0
BRDA:64,12,0,0
BRDA:64,12,1,0
BRDA:83,13,0,0
BRDA:83,13,1,0
BRDA:104,14,0,0
BRDA:104,14,1,0
BRDA:113,15,0,0
BRDA:113,15,1,0
BRF:29
BRH:0
end_of_record
TN:
SF:src/services/logger/LoggerService.ts
FN:170,(anonymous_1)
FN:17,(anonymous_2)
FN:19,(anonymous_3)
FN:21,(anonymous_4)
FN:32,(anonymous_5)
FN:52,(anonymous_6)
FN:60,(anonymous_7)
FN:78,(anonymous_8)
FN:82,(anonymous_9)
FN:87,(anonymous_10)
FN:117,(anonymous_11)
FN:121,(anonymous_12)
FN:125,(anonymous_13)
FN:129,(anonymous_14)
FN:133,(anonymous_15)
FN:142,(anonymous_16)
FN:145,(anonymous_17)
FN:157,(anonymous_18)
FNF:18
FNH:8
FNDA:0,(anonymous_1)
FNDA:8,(anonymous_2)
FNDA:8,(anonymous_3)
FNDA:0,(anonymous_4)
FNDA:0,(anonymous_5)
FNDA:1,(anonymous_6)
FNDA:8,(anonymous_7)
FNDA:0,(anonymous_8)
FNDA:0,(anonymous_9)
FNDA:8,(anonymous_10)
FNDA:7,(anonymous_11)
FNDA:0,(anonymous_12)
FNDA:1,(anonymous_13)
FNDA:0,(anonymous_14)
FNDA:0,(anonymous_15)
FNDA:0,(anonymous_16)
FNDA:0,(anonymous_17)
FNDA:8,(anonymous_18)
DA:1,1
DA:3,1
DA:5,1
DA:6,1
DA:8,1
DA:15,1
DA:17,8
DA:19,8
DA:21,1
DA:22,0
DA:23,0
DA:26,0
DA:27,0
DA:28,0
DA:29,0
DA:32,0
DA:33,0
DA:36,0
DA:37,0
DA:39,0
DA:44,1
DA:46,1
DA:48,1
DA:50,1
DA:53,1
DA:54,1
DA:57,1
DA:61,8
DA:62,3
DA:65,5
DA:66,5
DA:67,0
DA:69,5
DA:70,0
DA:72,5
DA:75,5
DA:79,0
DA:83,0
DA:84,0
DA:88,8
DA:90,8
DA:91,0
DA:94,8
DA:96,8
DA:104,8
DA:105,8
DA:107,8
DA:108,0
DA:109,0
DA:110,0
DA:112,0
DA:118,7
DA:122,0
DA:126,1
DA:130,0
DA:134,0
DA:136,0
DA:137,0
DA:140,0
DA:142,0
DA:146,0
DA:147,0
DA:150,0
DA:151,0
DA:154,0
DA:158,8
DA:159,8
DA:161,8
DA:162,0
DA:168,1
DA:170,1
LF:71
LH:37
BRDA:15,0,0,1
BRDA:15,0,1,0
BRDA:22,1,0,0
BRDA:28,2,0,0
BRDA:33,3,0,0
BRDA:33,3,1,0
BRDA:33,3,2,0
BRDA:33,3,3,0
BRDA:33,3,4,0
BRDA:36,4,0,0
BRDA:53,5,0,1
BRDA:61,6,0,3
BRDA:69,7,0,0
BRDA:90,8,0,0
BRDA:107,9,0,0
BRDA:109,10,0,0
BRDA:109,10,1,0
BRDA:136,11,0,0
BRDA:146,12,0,0
BRDA:150,13,0,0
BRDA:161,14,0,0
BRF:21
BRH:3
end_of_record
TN:
SF:src/utils/debug-logger.ts
FN:7,(anonymous_0)
FN:23,(anonymous_1)
FN:24,(anonymous_2)
FN:39,(anonymous_3)
FN:44,(anonymous_4)
FN:48,(anonymous_5)
FN:50,(anonymous_6)
FN:51,(anonymous_7)
FN:55,(anonymous_8)
FN:57,(anonymous_9)
FN:61,(anonymous_10)
FN:70,(anonymous_11)
FN:79,(anonymous_12)
FN:89,(anonymous_13)
FN:99,(anonymous_14)
FN:108,(anonymous_15)
FN:117,(anonymous_16)
FN:127,(anonymous_17)
FN:137,(anonymous_18)
FNF:19
FNH:0
FNDA:0,(anonymous_0)
FNDA:0,(anonymous_1)
FNDA:0,(anonymous_2)
FNDA:0,(anonymous_3)
FNDA:0,(anonymous_4)
FNDA:0,(anonymous_5)
FNDA:0,(anonymous_6)
FNDA:0,(anonymous_7)
FNDA:0,(anonymous_8)
FNDA:0,(anonymous_9)
FNDA:0,(anonymous_10)
FNDA:0,(anonymous_11)
FNDA:0,(anonymous_12)
FNDA:0,(anonymous_13)
FNDA:0,(anonymous_14)
FNDA:0,(anonymous_15)
FNDA:0,(anonymous_16)
FNDA:0,(anonymous_17)
FNDA:0,(anonymous_18)
DA:4,1
DA:5,1
DA:8,0
DA:9,0
DA:18,0
DA:19,0
DA:20,0
DA:24,0
DA:25,0
DA:26,0
DA:27,0
DA:35,0
DA:40,0
DA:41,0
DA:45,0
DA:49,0
DA:50,0
DA:51,0
DA:56,0
DA:57,0
DA:62,0
DA:71,0
DA:80,0
DA:90,0
DA:100,0
DA:109,0
DA:118,0
DA:128,0
DA:138,0
DA:148,1
LF:30
LH:3
BRDA:25,0,0,0
BRDA:25,1,0,0
BRDA:25,1,1,0
BRDA:29,2,0,0
BRDA:29,2,1,0
BRDA:30,3,0,0
BRDA:30,3,1,0
BRDA:31,4,0,0
BRDA:31,4,1,0
BRDA:32,5,0,0
BRDA:32,5,1,0
BRDA:74,6,0,0
BRDA:74,6,1,0
BRDA:75,7,0,0
BRDA:75,7,1,0
BRDA:93,8,0,0
BRDA:93,8,1,0
BRDA:103,9,0,0
BRDA:103,9,1,0
BRDA:104,10,0,0
BRDA:104,10,1,0
BRDA:112,11,0,0
BRDA:112,11,1,0
BRDA:113,12,0,0
BRDA:113,12,1,0
BRDA:113,13,0,0
BRDA:113,13,1,0
BRF:27
BRH:0
end_of_record
TN:
SF:src/utils/error.utils.ts
FN:45,(anonymous_1)
FN:66,(anonymous_2)
FN:68,(anonymous_3)
FN:76,(anonymous_4)
FN:88,(anonymous_5)
FN:113,(anonymous_6)
FN:130,(anonymous_7)
FN:177,(anonymous_8)
FN:189,(anonymous_9)
FNF:9
FNH:0
FNDA:0,(anonymous_1)
FNDA:0,(anonymous_2)
FNDA:0,(anonymous_3)
FNDA:0,(anonymous_4)
FNDA:0,(anonymous_5)
FNDA:0,(anonymous_6)
FNDA:0,(anonymous_7)
FNDA:0,(anonymous_8)
FNDA:0,(anonymous_9)
DA:1,1
DA:4,1
DA:22,1
DA:37,1
DA:39,1
DA:53,0
DA:54,0
DA:55,0
DA:56,0
DA:57,0
DA:58,0
DA:60,0
DA:61,0
DA:66,1
DA:68,1
DA:69,0
DA:70,0
DA:73,0
DA:76,1
DA:77,0
DA:78,0
DA:81,0
DA:82,0
DA:85,0
DA:88,1
DA:89,0
DA:94,0
DA:95,0
DA:96,0
DA:97,0
DA:98,0
DA:99,0
DA:101,0
DA:102,0
DA:106,0
DA:107,0
DA:110,0
DA:113,1
DA:117,0
DA:118,0
DA:121,0
DA:130,1
DA:135,0
DA:136,0
DA:137,0
DA:140,0
DA:141,0
DA:142,0
DA:143,0
DA:144,0
DA:148,0
DA:150,0
DA:159,0
DA:166,0
DA:169,0
DA:170,0
DA:171,0
DA:174,0
DA:177,1
DA:178,0
DA:179,0
DA:182,0
DA:183,0
DA:186,0
DA:189,1
LF:65
LH:13
BRDA:50,0,0,0
BRDA:60,1,0,0
BRDA:60,2,0,0
BRDA:60,2,1,0
BRDA:69,3,0,0
BRDA:73,4,0,0
BRDA:73,4,1,0
BRDA:77,5,0,0
BRDA:81,6,0,0
BRDA:81,7,0,0
BRDA:81,7,1,0
BRDA:94,8,0,0
BRDA:94,9,0,0
BRDA:94,9,1,0
BRDA:96,10,0,0
BRDA:96,10,1,0
BRDA:97,11,0,0
BRDA:97,11,1,0
BRDA:98,12,0,0
BRDA:101,13,0,0
BRDA:106,14,0,0
BRDA:117,15,0,0
BRDA:133,16,0,0
BRDA:135,17,0,0
BRDA:140,18,0,0
BRDA:144,19,0,0
BRDA:144,19,1,0
BRDA:169,20,0,0
BRDA:178,21,0,0
BRDA:182,22,0,0
BRF:30
BRH:0
end_of_record
TN:
SF:src/utils/network.utils.ts
FN:19,testNetworkConnectivity
FN:31,(anonymous_2)
FN:90,testServiceAccessibility
FN:119,diagnoseVpnIssues
FNF:4
FNH:0
FNDA:0,testNetworkConnectivity
FNDA:0,(anonymous_2)
FNDA:0,testServiceAccessibility
FNDA:0,diagnoseVpnIssues
DA:1,1
DA:19,1
DA:23,0
DA:25,0
DA:26,0
DA:27,0
DA:29,0
DA:31,0
DA:41,0
DA:43,0
DA:50,0
DA:60,0
DA:61,0
DA:62,0
DA:64,0
DA:72,0
DA:74,0
DA:90,1
DA:94,0
DA:96,0
DA:98,0
DA:99,0
DA:101,0
DA:102,0
DA:104,0
DA:105,0
DA:107,0
DA:110,0
DA:111,0
DA:113,0
DA:119,1
DA:120,0
DA:122,0
DA:123,0
DA:124,0
DA:125,0
DA:128,0
DA:129,0
DA:130,0
DA:131,0
DA:134,0
DA:135,0
DA:136,0
DA:137,0
DA:140,0
DA:141,0
DA:142,0
DA:143,0
DA:146,0
DA:147,0
DA:148,0
DA:149,0
DA:152,0
DA:153,0
DA:154,0
DA:157,0
DA:158,0
DA:159,0
DA:162,0
DA:163,0
DA:164,0
DA:167,0
DA:168,0
DA:169,0
DA:173,0
DA:174,0
DA:175,0
DA:176,0
DA:177,0
DA:178,0
DA:181,0
LF:71
LH:4
BRDA:21,0,0,0
BRDA:61,1,0,0
BRDA:61,1,1,0
BRDA:72,2,0,0
BRDA:72,2,1,0
BRDA:96,3,0,0
BRDA:96,3,1,0
BRDA:96,3,2,0
BRDA:96,3,3,0
BRDA:122,4,0,0
BRDA:128,5,0,0
BRDA:134,6,0,0
BRDA:140,7,0,0
BRDA:146,8,0,0
BRDA:152,9,0,0
BRDA:157,10,0,0
BRDA:162,11,0,0
BRDA:167,12,0,0
BRDA:173,13,0,0
BRF:19
BRH:0
end_of_record
